CRITICAL - 2022-08-27 10:38:28 --> Undefined index: role
#0 /Applications/MAMP/htdocs/zlatar_finance/codeigniter/app/Controllers/Report.php(32): CodeIgniter\Debug\Exceptions->errorHandler(8, 'Undefined index...', '/Applications/M...', 32, Array)
#1 /Applications/MAMP/htdocs/zlatar_finance/codeigniter/system/CodeIgniter.php(825): App\Controllers\Report->index()
#2 /Applications/MAMP/htdocs/zlatar_finance/codeigniter/system/CodeIgniter.php(412): CodeIgniter\CodeIgniter->runController(Object(App\Controllers\Report))
#3 /Applications/MAMP/htdocs/zlatar_finance/codeigniter/system/CodeIgniter.php(320): CodeIgniter\CodeIgniter->handleRequest(NULL, Object(Config\Cache), false)
#4 /Applications/MAMP/htdocs/zlatar_finance/index.php(37): CodeIgniter\CodeIgniter->run()
#5 {main}
CRITICAL - 2022-08-27 10:38:57 --> Undefined variable: user
#0 /Applications/MAMP/htdocs/zlatar_finance/codeigniter/app/Views/partials/_top_nav.php(9): CodeIgniter\Debug\Exceptions->errorHandler(8, 'Undefined varia...', '/Applications/M...', 9, Array)
#1 /Applications/MAMP/htdocs/zlatar_finance/codeigniter/system/View/View.php(210): include('/Applications/M...')
#2 /Applications/MAMP/htdocs/zlatar_finance/codeigniter/system/View/View.php(213): CodeIgniter\View\View->CodeIgniter\View\{closure}()
#3 /Applications/MAMP/htdocs/zlatar_finance/codeigniter/system/Common.php(1089): CodeIgniter\View\View->render('partials/_top_n...', Array, true)
#4 /Applications/MAMP/htdocs/zlatar_finance/codeigniter/app/Views/partials/_header.php(20): view('partials/_top_n...')
#5 /Applications/MAMP/htdocs/zlatar_finance/codeigniter/system/View/View.php(210): include('/Applications/M...')
#6 /Applications/MAMP/htdocs/zlatar_finance/codeigniter/system/View/View.php(213): CodeIgniter\View\View->CodeIgniter\View\{closure}()
#7 /Applications/MAMP/htdocs/zlatar_finance/codeigniter/system/Common.php(1089): CodeIgniter\View\View->render('partials/_heade...', Array, true)
#8 /Applications/MAMP/htdocs/zlatar_finance/codeigniter/app/Controllers/Home.php(14): view('partials/_heade...', Array)
#9 /Applications/MAMP/htdocs/zlatar_finance/codeigniter/system/CodeIgniter.php(825): App\Controllers\Home->index()
#10 /Applications/MAMP/htdocs/zlatar_finance/codeigniter/system/CodeIgniter.php(412): CodeIgniter\CodeIgniter->runController(Object(App\Controllers\Home))
#11 /Applications/MAMP/htdocs/zlatar_finance/codeigniter/system/CodeIgniter.php(320): CodeIgniter\CodeIgniter->handleRequest(NULL, Object(Config\Cache), false)
#12 /Applications/MAMP/htdocs/zlatar_finance/index.php(37): CodeIgniter\CodeIgniter->run()
#13 {main}
CRITICAL - 2022-08-27 10:39:11 --> Undefined variable: user
#0 /Applications/MAMP/htdocs/zlatar_finance/codeigniter/app/Views/partials/_top_nav.php(9): CodeIgniter\Debug\Exceptions->errorHandler(8, 'Undefined varia...', '/Applications/M...', 9, Array)
#1 /Applications/MAMP/htdocs/zlatar_finance/codeigniter/system/View/View.php(210): include('/Applications/M...')
#2 /Applications/MAMP/htdocs/zlatar_finance/codeigniter/system/View/View.php(213): CodeIgniter\View\View->CodeIgniter\View\{closure}()
#3 /Applications/MAMP/htdocs/zlatar_finance/codeigniter/system/Common.php(1089): CodeIgniter\View\View->render('partials/_top_n...', Array, true)
#4 /Applications/MAMP/htdocs/zlatar_finance/codeigniter/app/Views/partials/_header.php(20): view('partials/_top_n...')
#5 /Applications/MAMP/htdocs/zlatar_finance/codeigniter/system/View/View.php(210): include('/Applications/M...')
#6 /Applications/MAMP/htdocs/zlatar_finance/codeigniter/system/View/View.php(213): CodeIgniter\View\View->CodeIgniter\View\{closure}()
#7 /Applications/MAMP/htdocs/zlatar_finance/codeigniter/system/Common.php(1089): CodeIgniter\View\View->render('partials/_heade...', Array, true)
#8 /Applications/MAMP/htdocs/zlatar_finance/codeigniter/app/Controllers/Auth.php(19): view('partials/_heade...', Array)
#9 /Applications/MAMP/htdocs/zlatar_finance/codeigniter/system/CodeIgniter.php(825): App\Controllers\Auth->index()
#10 /Applications/MAMP/htdocs/zlatar_finance/codeigniter/system/CodeIgniter.php(412): CodeIgniter\CodeIgniter->runController(Object(App\Controllers\Auth))
#11 /Applications/MAMP/htdocs/zlatar_finance/codeigniter/system/CodeIgniter.php(320): CodeIgniter\CodeIgniter->handleRequest(NULL, Object(Config\Cache), false)
#12 /Applications/MAMP/htdocs/zlatar_finance/index.php(37): CodeIgniter\CodeIgniter->run()
#13 {main}
CRITICAL - 2022-08-27 10:39:41 --> Undefined variable: user
#0 /Applications/MAMP/htdocs/zlatar_finance/codeigniter/app/Views/partials/_top_nav.php(9): CodeIgniter\Debug\Exceptions->errorHandler(8, 'Undefined varia...', '/Applications/M...', 9, Array)
#1 /Applications/MAMP/htdocs/zlatar_finance/codeigniter/system/View/View.php(210): include('/Applications/M...')
#2 /Applications/MAMP/htdocs/zlatar_finance/codeigniter/system/View/View.php(213): CodeIgniter\View\View->CodeIgniter\View\{closure}()
#3 /Applications/MAMP/htdocs/zlatar_finance/codeigniter/system/Common.php(1089): CodeIgniter\View\View->render('partials/_top_n...', Array, true)
#4 /Applications/MAMP/htdocs/zlatar_finance/codeigniter/app/Views/partials/_header.php(20): view('partials/_top_n...')
#5 /Applications/MAMP/htdocs/zlatar_finance/codeigniter/system/View/View.php(210): include('/Applications/M...')
#6 /Applications/MAMP/htdocs/zlatar_finance/codeigniter/system/View/View.php(213): CodeIgniter\View\View->CodeIgniter\View\{closure}()
#7 /Applications/MAMP/htdocs/zlatar_finance/codeigniter/system/Common.php(1089): CodeIgniter\View\View->render('partials/_heade...', Array, true)
#8 /Applications/MAMP/htdocs/zlatar_finance/codeigniter/app/Controllers/Home.php(14): view('partials/_heade...', Array)
#9 /Applications/MAMP/htdocs/zlatar_finance/codeigniter/system/CodeIgniter.php(825): App\Controllers\Home->index()
#10 /Applications/MAMP/htdocs/zlatar_finance/codeigniter/system/CodeIgniter.php(412): CodeIgniter\CodeIgniter->runController(Object(App\Controllers\Home))
#11 /Applications/MAMP/htdocs/zlatar_finance/codeigniter/system/CodeIgniter.php(320): CodeIgniter\CodeIgniter->handleRequest(NULL, Object(Config\Cache), false)
#12 /Applications/MAMP/htdocs/zlatar_finance/index.php(37): CodeIgniter\CodeIgniter->run()
#13 {main}
CRITICAL - 2022-08-27 10:41:05 --> Undefined variable: user
#0 /Applications/MAMP/htdocs/zlatar_finance/codeigniter/app/Views/partials/_top_nav.php(9): CodeIgniter\Debug\Exceptions->errorHandler(8, 'Undefined varia...', '/Applications/M...', 9, Array)
#1 /Applications/MAMP/htdocs/zlatar_finance/codeigniter/system/View/View.php(210): include('/Applications/M...')
#2 /Applications/MAMP/htdocs/zlatar_finance/codeigniter/system/View/View.php(213): CodeIgniter\View\View->CodeIgniter\View\{closure}()
#3 /Applications/MAMP/htdocs/zlatar_finance/codeigniter/system/Common.php(1089): CodeIgniter\View\View->render('partials/_top_n...', Array, true)
#4 /Applications/MAMP/htdocs/zlatar_finance/codeigniter/app/Views/partials/_header.php(20): view('partials/_top_n...')
#5 /Applications/MAMP/htdocs/zlatar_finance/codeigniter/system/View/View.php(210): include('/Applications/M...')
#6 /Applications/MAMP/htdocs/zlatar_finance/codeigniter/system/View/View.php(213): CodeIgniter\View\View->CodeIgniter\View\{closure}()
#7 /Applications/MAMP/htdocs/zlatar_finance/codeigniter/system/Common.php(1089): CodeIgniter\View\View->render('partials/_heade...', Array, true)
#8 /Applications/MAMP/htdocs/zlatar_finance/codeigniter/app/Controllers/Auth.php(19): view('partials/_heade...', Array)
#9 /Applications/MAMP/htdocs/zlatar_finance/codeigniter/system/CodeIgniter.php(825): App\Controllers\Auth->index()
#10 /Applications/MAMP/htdocs/zlatar_finance/codeigniter/system/CodeIgniter.php(412): CodeIgniter\CodeIgniter->runController(Object(App\Controllers\Auth))
#11 /Applications/MAMP/htdocs/zlatar_finance/codeigniter/system/CodeIgniter.php(320): CodeIgniter\CodeIgniter->handleRequest(NULL, Object(Config\Cache), false)
#12 /Applications/MAMP/htdocs/zlatar_finance/index.php(37): CodeIgniter\CodeIgniter->run()
#13 {main}
CRITICAL - 2022-08-27 11:12:38 --> Undefined index: role
#0 /Applications/MAMP/htdocs/zlatar_finance/codeigniter/app/Controllers/Report.php(32): CodeIgniter\Debug\Exceptions->errorHandler(8, 'Undefined index...', '/Applications/M...', 32, Array)
#1 /Applications/MAMP/htdocs/zlatar_finance/codeigniter/system/CodeIgniter.php(825): App\Controllers\Report->index()
#2 /Applications/MAMP/htdocs/zlatar_finance/codeigniter/system/CodeIgniter.php(412): CodeIgniter\CodeIgniter->runController(Object(App\Controllers\Report))
#3 /Applications/MAMP/htdocs/zlatar_finance/codeigniter/system/CodeIgniter.php(320): CodeIgniter\CodeIgniter->handleRequest(NULL, Object(Config\Cache), false)
#4 /Applications/MAMP/htdocs/zlatar_finance/index.php(37): CodeIgniter\CodeIgniter->run()
#5 {main}
CRITICAL - 2022-08-27 11:12:39 --> Undefined index: role
#0 /Applications/MAMP/htdocs/zlatar_finance/codeigniter/app/Controllers/Report.php(32): CodeIgniter\Debug\Exceptions->errorHandler(8, 'Undefined index...', '/Applications/M...', 32, Array)
#1 /Applications/MAMP/htdocs/zlatar_finance/codeigniter/system/CodeIgniter.php(825): App\Controllers\Report->index()
#2 /Applications/MAMP/htdocs/zlatar_finance/codeigniter/system/CodeIgniter.php(412): CodeIgniter\CodeIgniter->runController(Object(App\Controllers\Report))
#3 /Applications/MAMP/htdocs/zlatar_finance/codeigniter/system/CodeIgniter.php(320): CodeIgniter\CodeIgniter->handleRequest(NULL, Object(Config\Cache), false)
#4 /Applications/MAMP/htdocs/zlatar_finance/index.php(37): CodeIgniter\CodeIgniter->run()
#5 {main}
