CRITICAL - 2022-08-23 06:03:30 --> Undefined variable: account_item
#0 /Applications/MAMP/htdocs/zlatar_finance/codeigniter/app/Views/dashboard/finance_movements.php(16): CodeIgniter\Debug\Exceptions->errorHandler(8, 'Undefined varia...', '/Applications/M...', 16, Array)
#1 /Applications/MAMP/htdocs/zlatar_finance/codeigniter/system/View/View.php(210): include('/Applications/M...')
#2 /Applications/MAMP/htdocs/zlatar_finance/codeigniter/system/View/View.php(213): CodeIgniter\View\View->CodeIgniter\View\{closure}()
#3 /Applications/MAMP/htdocs/zlatar_finance/codeigniter/system/Common.php(1089): CodeIgniter\View\View->render('dashboard/finan...', Array, true)
#4 /Applications/MAMP/htdocs/zlatar_finance/codeigniter/app/Controllers/Dashboard.php(35): view('dashboard/finan...', Array)
#5 /Applications/MAMP/htdocs/zlatar_finance/codeigniter/system/CodeIgniter.php(825): App\Controllers\Dashboard->index()
#6 /Applications/MAMP/htdocs/zlatar_finance/codeigniter/system/CodeIgniter.php(412): CodeIgniter\CodeIgniter->runController(Object(App\Controllers\Dashboard))
#7 /Applications/MAMP/htdocs/zlatar_finance/codeigniter/system/CodeIgniter.php(320): CodeIgniter\CodeIgniter->handleRequest(NULL, Object(Config\Cache), false)
#8 /Applications/MAMP/htdocs/zlatar_finance/index.php(37): CodeIgniter\CodeIgniter->run()
#9 {main}
CRITICAL - 2022-08-23 06:03:49 --> Undefined variable: is_admin
#0 /Applications/MAMP/htdocs/zlatar_finance/codeigniter/app/Views/partials/_top_nav.php(13): CodeIgniter\Debug\Exceptions->errorHandler(8, 'Undefined varia...', '/Applications/M...', 13, Array)
#1 /Applications/MAMP/htdocs/zlatar_finance/codeigniter/system/View/View.php(210): include('/Applications/M...')
#2 /Applications/MAMP/htdocs/zlatar_finance/codeigniter/system/View/View.php(213): CodeIgniter\View\View->CodeIgniter\View\{closure}()
#3 /Applications/MAMP/htdocs/zlatar_finance/codeigniter/system/Common.php(1089): CodeIgniter\View\View->render('partials/_top_n...', Array, true)
#4 /Applications/MAMP/htdocs/zlatar_finance/codeigniter/app/Views/dashboard/finance_movements.php(16): view('partials/_top_n...')
#5 /Applications/MAMP/htdocs/zlatar_finance/codeigniter/system/View/View.php(210): include('/Applications/M...')
#6 /Applications/MAMP/htdocs/zlatar_finance/codeigniter/system/View/View.php(213): CodeIgniter\View\View->CodeIgniter\View\{closure}()
#7 /Applications/MAMP/htdocs/zlatar_finance/codeigniter/system/Common.php(1089): CodeIgniter\View\View->render('dashboard/finan...', Array, true)
#8 /Applications/MAMP/htdocs/zlatar_finance/codeigniter/app/Controllers/Dashboard.php(35): view('dashboard/finan...', Array)
#9 /Applications/MAMP/htdocs/zlatar_finance/codeigniter/system/CodeIgniter.php(825): App\Controllers\Dashboard->index()
#10 /Applications/MAMP/htdocs/zlatar_finance/codeigniter/system/CodeIgniter.php(412): CodeIgniter\CodeIgniter->runController(Object(App\Controllers\Dashboard))
#11 /Applications/MAMP/htdocs/zlatar_finance/codeigniter/system/CodeIgniter.php(320): CodeIgniter\CodeIgniter->handleRequest(NULL, Object(Config\Cache), false)
#12 /Applications/MAMP/htdocs/zlatar_finance/index.php(37): CodeIgniter\CodeIgniter->run()
#13 {main}
