CRITICAL - 2023-04-04 03:48:11 --> Call to undefined function App\Controllers\validation_errors()
#0 C:\distr\OpenServer\domains\zrfinance\system\CodeIgniter.php(825): App\Controllers\Dashboard->save_item()
#1 C:\distr\OpenServer\domains\zrfinance\system\CodeIgniter.php(412): CodeIgniter\CodeIgniter->runController()
#2 C:\distr\OpenServer\domains\zrfinance\system\CodeIgniter.php(320): CodeIgniter\CodeIgniter->handleRequest()
#3 C:\distr\OpenServer\domains\zrfinance\index.php(37): CodeIgniter\CodeIgniter->run()
#4 {main}
CRITICAL - 2023-04-04 03:50:24 --> Call to undefined function App\Controllers\validation_errors()
#0 C:\distr\OpenServer\domains\zrfinance\system\CodeIgniter.php(825): App\Controllers\Dashboard->save_item()
#1 C:\distr\OpenServer\domains\zrfinance\system\CodeIgniter.php(412): CodeIgniter\CodeIgniter->runController()
#2 C:\distr\OpenServer\domains\zrfinance\system\CodeIgniter.php(320): CodeIgniter\CodeIgniter->handleRequest()
#3 C:\distr\OpenServer\domains\zrfinance\index.php(37): CodeIgniter\CodeIgniter->run()
#4 {main}
CRITICAL - 2023-04-04 05:10:26 --> Undefined index: company_id
#0 C:\distr\OpenServer\domains\zrfinance\app\Controllers\Dashboard.php(154): CodeIgniter\Debug\Exceptions->errorHandler()
#1 C:\distr\OpenServer\domains\zrfinance\system\CodeIgniter.php(825): App\Controllers\Dashboard->save_item()
#2 C:\distr\OpenServer\domains\zrfinance\system\CodeIgniter.php(412): CodeIgniter\CodeIgniter->runController()
#3 C:\distr\OpenServer\domains\zrfinance\system\CodeIgniter.php(320): CodeIgniter\CodeIgniter->handleRequest()
#4 C:\distr\OpenServer\domains\zrfinance\index.php(37): CodeIgniter\CodeIgniter->run()
#5 {main}
CRITICAL - 2023-04-04 06:27:27 --> Undefined variable: validation
#0 C:\distr\OpenServer\domains\zrfinance\app\Views\dashboard\finance_movements.php(5): CodeIgniter\Debug\Exceptions->errorHandler()
#1 C:\distr\OpenServer\domains\zrfinance\system\View\View.php(210): include('C:\\distr\\OpenSe...')
#2 C:\distr\OpenServer\domains\zrfinance\system\View\View.php(213): CodeIgniter\View\View->CodeIgniter\View\{closure}()
#3 C:\distr\OpenServer\domains\zrfinance\system\Common.php(1089): CodeIgniter\View\View->render()
#4 C:\distr\OpenServer\domains\zrfinance\app\Controllers\Dashboard.php(36): view()
#5 C:\distr\OpenServer\domains\zrfinance\system\CodeIgniter.php(825): App\Controllers\Dashboard->index()
#6 C:\distr\OpenServer\domains\zrfinance\system\CodeIgniter.php(412): CodeIgniter\CodeIgniter->runController()
#7 C:\distr\OpenServer\domains\zrfinance\system\CodeIgniter.php(320): CodeIgniter\CodeIgniter->handleRequest()
#8 C:\distr\OpenServer\domains\zrfinance\index.php(37): CodeIgniter\CodeIgniter->run()
#9 {main}
CRITICAL - 2023-04-04 06:39:27 --> Undefined variable: validation
#0 C:\distr\OpenServer\domains\zrfinance\app\Views\dashboard\finance_movements.php(5): CodeIgniter\Debug\Exceptions->errorHandler()
#1 C:\distr\OpenServer\domains\zrfinance\system\View\View.php(210): include('C:\\distr\\OpenSe...')
#2 C:\distr\OpenServer\domains\zrfinance\system\View\View.php(213): CodeIgniter\View\View->CodeIgniter\View\{closure}()
#3 C:\distr\OpenServer\domains\zrfinance\system\Common.php(1089): CodeIgniter\View\View->render()
#4 C:\distr\OpenServer\domains\zrfinance\app\Controllers\Dashboard.php(36): view()
#5 C:\distr\OpenServer\domains\zrfinance\system\CodeIgniter.php(825): App\Controllers\Dashboard->index()
#6 C:\distr\OpenServer\domains\zrfinance\system\CodeIgniter.php(412): CodeIgniter\CodeIgniter->runController()
#7 C:\distr\OpenServer\domains\zrfinance\system\CodeIgniter.php(320): CodeIgniter\CodeIgniter->handleRequest()
#8 C:\distr\OpenServer\domains\zrfinance\index.php(37): CodeIgniter\CodeIgniter->run()
#9 {main}
CRITICAL - 2023-04-04 06:41:28 --> Call to undefined method App\Controllers\Dashboard::render()
#0 C:\distr\OpenServer\domains\zrfinance\system\CodeIgniter.php(825): App\Controllers\Dashboard->save_item()
#1 C:\distr\OpenServer\domains\zrfinance\system\CodeIgniter.php(412): CodeIgniter\CodeIgniter->runController()
#2 C:\distr\OpenServer\domains\zrfinance\system\CodeIgniter.php(320): CodeIgniter\CodeIgniter->handleRequest()
#3 C:\distr\OpenServer\domains\zrfinance\index.php(37): CodeIgniter\CodeIgniter->run()
#4 {main}
CRITICAL - 2023-04-04 06:44:43 --> Undefined index: company_id
#0 C:\distr\OpenServer\domains\zrfinance\app\Controllers\Dashboard.php(319): CodeIgniter\Debug\Exceptions->errorHandler()
#1 C:\distr\OpenServer\domains\zrfinance\system\CodeIgniter.php(825): App\Controllers\Dashboard->delete_item()
#2 C:\distr\OpenServer\domains\zrfinance\system\CodeIgniter.php(412): CodeIgniter\CodeIgniter->runController()
#3 C:\distr\OpenServer\domains\zrfinance\system\CodeIgniter.php(320): CodeIgniter\CodeIgniter->handleRequest()
#4 C:\distr\OpenServer\domains\zrfinance\index.php(37): CodeIgniter\CodeIgniter->run()
#5 {main}
CRITICAL - 2023-04-04 07:05:43 --> Undefined variable: data
#0 C:\distr\OpenServer\domains\zrfinance\app\Views\dashboard\finance_movements.php(6): CodeIgniter\Debug\Exceptions->errorHandler()
#1 C:\distr\OpenServer\domains\zrfinance\system\View\View.php(210): include('C:\\distr\\OpenSe...')
#2 C:\distr\OpenServer\domains\zrfinance\system\View\View.php(213): CodeIgniter\View\View->CodeIgniter\View\{closure}()
#3 C:\distr\OpenServer\domains\zrfinance\system\Common.php(1089): CodeIgniter\View\View->render()
#4 C:\distr\OpenServer\domains\zrfinance\app\Controllers\Dashboard.php(36): view()
#5 C:\distr\OpenServer\domains\zrfinance\system\CodeIgniter.php(825): App\Controllers\Dashboard->index()
#6 C:\distr\OpenServer\domains\zrfinance\system\CodeIgniter.php(412): CodeIgniter\CodeIgniter->runController()
#7 C:\distr\OpenServer\domains\zrfinance\system\CodeIgniter.php(320): CodeIgniter\CodeIgniter->handleRequest()
#8 C:\distr\OpenServer\domains\zrfinance\index.php(37): CodeIgniter\CodeIgniter->run()
#9 {main}
CRITICAL - 2023-04-04 23:31:40 --> Undefined index: name
#0 C:\distr\OpenServer\domains\zrfinance\app\Views\partials\_top_nav.php(9): CodeIgniter\Debug\Exceptions->errorHandler()
#1 C:\distr\OpenServer\domains\zrfinance\system\View\View.php(210): include('C:\\distr\\OpenSe...')
#2 C:\distr\OpenServer\domains\zrfinance\system\View\View.php(213): CodeIgniter\View\View->CodeIgniter\View\{closure}()
#3 C:\distr\OpenServer\domains\zrfinance\system\Common.php(1089): CodeIgniter\View\View->render()
#4 C:\distr\OpenServer\domains\zrfinance\app\Views\dashboard\finance_movements.php(2): view()
#5 C:\distr\OpenServer\domains\zrfinance\system\View\View.php(210): include('C:\\distr\\OpenSe...')
#6 C:\distr\OpenServer\domains\zrfinance\system\View\View.php(213): CodeIgniter\View\View->CodeIgniter\View\{closure}()
#7 C:\distr\OpenServer\domains\zrfinance\system\Common.php(1089): CodeIgniter\View\View->render()
#8 C:\distr\OpenServer\domains\zrfinance\app\Controllers\Dashboard.php(443): view()
#9 C:\distr\OpenServer\domains\zrfinance\system\CodeIgniter.php(825): App\Controllers\Dashboard->edit_item()
#10 C:\distr\OpenServer\domains\zrfinance\system\CodeIgniter.php(412): CodeIgniter\CodeIgniter->runController()
#11 C:\distr\OpenServer\domains\zrfinance\system\CodeIgniter.php(320): CodeIgniter\CodeIgniter->handleRequest()
#12 C:\distr\OpenServer\domains\zrfinance\index.php(37): CodeIgniter\CodeIgniter->run()
#13 {main}
CRITICAL - 2023-04-04 23:31:41 --> Undefined index: name
#0 C:\distr\OpenServer\domains\zrfinance\app\Views\partials\_top_nav.php(9): CodeIgniter\Debug\Exceptions->errorHandler()
#1 C:\distr\OpenServer\domains\zrfinance\system\View\View.php(210): include('C:\\distr\\OpenSe...')
#2 C:\distr\OpenServer\domains\zrfinance\system\View\View.php(213): CodeIgniter\View\View->CodeIgniter\View\{closure}()
#3 C:\distr\OpenServer\domains\zrfinance\system\Common.php(1089): CodeIgniter\View\View->render()
#4 C:\distr\OpenServer\domains\zrfinance\app\Views\dashboard\finance_movements.php(2): view()
#5 C:\distr\OpenServer\domains\zrfinance\system\View\View.php(210): include('C:\\distr\\OpenSe...')
#6 C:\distr\OpenServer\domains\zrfinance\system\View\View.php(213): CodeIgniter\View\View->CodeIgniter\View\{closure}()
#7 C:\distr\OpenServer\domains\zrfinance\system\Common.php(1089): CodeIgniter\View\View->render()
#8 C:\distr\OpenServer\domains\zrfinance\app\Controllers\Dashboard.php(443): view()
#9 C:\distr\OpenServer\domains\zrfinance\system\CodeIgniter.php(825): App\Controllers\Dashboard->edit_item()
#10 C:\distr\OpenServer\domains\zrfinance\system\CodeIgniter.php(412): CodeIgniter\CodeIgniter->runController()
#11 C:\distr\OpenServer\domains\zrfinance\system\CodeIgniter.php(320): CodeIgniter\CodeIgniter->handleRequest()
#12 C:\distr\OpenServer\domains\zrfinance\index.php(37): CodeIgniter\CodeIgniter->run()
#13 {main}
CRITICAL - 2023-04-04 23:31:52 --> Undefined index: name
#0 C:\distr\OpenServer\domains\zrfinance\app\Views\partials\_top_nav.php(9): CodeIgniter\Debug\Exceptions->errorHandler()
#1 C:\distr\OpenServer\domains\zrfinance\system\View\View.php(210): include('C:\\distr\\OpenSe...')
#2 C:\distr\OpenServer\domains\zrfinance\system\View\View.php(213): CodeIgniter\View\View->CodeIgniter\View\{closure}()
#3 C:\distr\OpenServer\domains\zrfinance\system\Common.php(1089): CodeIgniter\View\View->render()
#4 C:\distr\OpenServer\domains\zrfinance\app\Views\dashboard\finance_movements.php(2): view()
#5 C:\distr\OpenServer\domains\zrfinance\system\View\View.php(210): include('C:\\distr\\OpenSe...')
#6 C:\distr\OpenServer\domains\zrfinance\system\View\View.php(213): CodeIgniter\View\View->CodeIgniter\View\{closure}()
#7 C:\distr\OpenServer\domains\zrfinance\system\Common.php(1089): CodeIgniter\View\View->render()
#8 C:\distr\OpenServer\domains\zrfinance\app\Controllers\Dashboard.php(443): view()
#9 C:\distr\OpenServer\domains\zrfinance\system\CodeIgniter.php(825): App\Controllers\Dashboard->edit_item()
#10 C:\distr\OpenServer\domains\zrfinance\system\CodeIgniter.php(412): CodeIgniter\CodeIgniter->runController()
#11 C:\distr\OpenServer\domains\zrfinance\system\CodeIgniter.php(320): CodeIgniter\CodeIgniter->handleRequest()
#12 C:\distr\OpenServer\domains\zrfinance\index.php(37): CodeIgniter\CodeIgniter->run()
#13 {main}
CRITICAL - 2023-04-04 23:52:51 --> Undefined variable: old_value
#0 C:\distr\OpenServer\domains\zrfinance\app\Views\partials\_footer.php(256): CodeIgniter\Debug\Exceptions->errorHandler()
#1 C:\distr\OpenServer\domains\zrfinance\system\View\View.php(210): include('C:\\distr\\OpenSe...')
#2 C:\distr\OpenServer\domains\zrfinance\system\View\View.php(213): CodeIgniter\View\View->CodeIgniter\View\{closure}()
#3 C:\distr\OpenServer\domains\zrfinance\system\Common.php(1089): CodeIgniter\View\View->render()
#4 C:\distr\OpenServer\domains\zrfinance\app\Controllers\Dashboard.php(37): view()
#5 C:\distr\OpenServer\domains\zrfinance\system\CodeIgniter.php(825): App\Controllers\Dashboard->index()
#6 C:\distr\OpenServer\domains\zrfinance\system\CodeIgniter.php(412): CodeIgniter\CodeIgniter->runController()
#7 C:\distr\OpenServer\domains\zrfinance\system\CodeIgniter.php(320): CodeIgniter\CodeIgniter->handleRequest()
#8 C:\distr\OpenServer\domains\zrfinance\index.php(37): CodeIgniter\CodeIgniter->run()
#9 {main}
