ERROR - 2022-04-02 12:31:26 --> You have an error in your SQL syntax; check the manual that corresponds to your MySQL server version for the right syntax to use near 'FROM receipt_changeWHERE record_id = '91'' at line 3
CRITICAL - 2022-04-02 12:31:26 --> You have an error in your SQL syntax; check the manual that corresponds to your MySQL server version for the right syntax to use near 'FROM receipt_changeWHERE record_id = '91'' at line 3
#0 /Applications/MAMP/htdocs/zlatar_finance/system/Database/MySQLi/Connection.php(292): mysqli->query('SELECT\n        ...', 0)
#1 /Applications/MAMP/htdocs/zlatar_finance/system/Database/BaseConnection.php(670): CodeIgniter\Database\MySQLi\Connection->execute('SELECT\n        ...')
#2 /Applications/MAMP/htdocs/zlatar_finance/system/Database/BaseConnection.php(598): CodeIgniter\Database\BaseConnection->simpleQuery('SELECT\n        ...')
#3 /Applications/MAMP/htdocs/zlatar_finance/app/Models/FinanceModel.php(240): CodeIgniter\Database\BaseConnection->query('SELECT\n        ...', Array)
#4 /Applications/MAMP/htdocs/zlatar_finance/app/Controllers/Dashboard.php(482): App\Models\FinanceModel->edit_item('receipt_change', Array, 6)
#5 /Applications/MAMP/htdocs/zlatar_finance/system/CodeIgniter.php(825): App\Controllers\Dashboard->edit_item()
#6 /Applications/MAMP/htdocs/zlatar_finance/system/CodeIgniter.php(412): CodeIgniter\CodeIgniter->runController(Object(App\Controllers\Dashboard))
#7 /Applications/MAMP/htdocs/zlatar_finance/system/CodeIgniter.php(320): CodeIgniter\CodeIgniter->handleRequest(NULL, Object(Config\Cache), false)
#8 /Applications/MAMP/htdocs/zlatar_finance/public/index.php(37): CodeIgniter\CodeIgniter->run()
#9 {main}
CRITICAL - 2022-04-02 12:33:17 --> syntax error, unexpected '$sql' (T_VARIABLE)
#0 /Applications/MAMP/htdocs/zlatar_finance/system/Autoloader/Autoloader.php(241): CodeIgniter\Autoloader\Autoloader->includeFile('/Applications/M...')
#1 /Applications/MAMP/htdocs/zlatar_finance/system/Autoloader/Autoloader.php(219): CodeIgniter\Autoloader\Autoloader->loadInNamespace('App\\Models\\Fina...')
#2 [internal function]: CodeIgniter\Autoloader\Autoloader->loadClass('App\\Models\\Fina...')
#3 /Applications/MAMP/htdocs/zlatar_finance/app/Controllers/Dashboard.php(15): spl_autoload_call('App\\Models\\Fina...')
#4 /Applications/MAMP/htdocs/zlatar_finance/system/CodeIgniter.php(825): App\Controllers\Dashboard->index()
#5 /Applications/MAMP/htdocs/zlatar_finance/system/CodeIgniter.php(412): CodeIgniter\CodeIgniter->runController(Object(App\Controllers\Dashboard))
#6 /Applications/MAMP/htdocs/zlatar_finance/system/CodeIgniter.php(320): CodeIgniter\CodeIgniter->handleRequest(NULL, Object(Config\Cache), false)
#7 /Applications/MAMP/htdocs/zlatar_finance/public/index.php(37): CodeIgniter\CodeIgniter->run()
#8 {main}
CRITICAL - 2022-04-02 12:33:20 --> syntax error, unexpected '$sql' (T_VARIABLE)
#0 /Applications/MAMP/htdocs/zlatar_finance/system/Autoloader/Autoloader.php(241): CodeIgniter\Autoloader\Autoloader->includeFile('/Applications/M...')
#1 /Applications/MAMP/htdocs/zlatar_finance/system/Autoloader/Autoloader.php(219): CodeIgniter\Autoloader\Autoloader->loadInNamespace('App\\Models\\Fina...')
#2 [internal function]: CodeIgniter\Autoloader\Autoloader->loadClass('App\\Models\\Fina...')
#3 /Applications/MAMP/htdocs/zlatar_finance/app/Controllers/Dashboard.php(15): spl_autoload_call('App\\Models\\Fina...')
#4 /Applications/MAMP/htdocs/zlatar_finance/system/CodeIgniter.php(825): App\Controllers\Dashboard->index()
#5 /Applications/MAMP/htdocs/zlatar_finance/system/CodeIgniter.php(412): CodeIgniter\CodeIgniter->runController(Object(App\Controllers\Dashboard))
#6 /Applications/MAMP/htdocs/zlatar_finance/system/CodeIgniter.php(320): CodeIgniter\CodeIgniter->handleRequest(NULL, Object(Config\Cache), false)
#7 /Applications/MAMP/htdocs/zlatar_finance/public/index.php(37): CodeIgniter\CodeIgniter->run()
#8 {main}
CRITICAL - 2022-04-02 12:33:42 --> Cannot pass parameter 4 by reference
#0 /Applications/MAMP/htdocs/zlatar_finance/app/Controllers/Dashboard.php(482): App\Models\FinanceModel->edit_item('receipt_change', Array, 6)
#1 /Applications/MAMP/htdocs/zlatar_finance/system/CodeIgniter.php(825): App\Controllers\Dashboard->edit_item()
#2 /Applications/MAMP/htdocs/zlatar_finance/system/CodeIgniter.php(412): CodeIgniter\CodeIgniter->runController(Object(App\Controllers\Dashboard))
#3 /Applications/MAMP/htdocs/zlatar_finance/system/CodeIgniter.php(320): CodeIgniter\CodeIgniter->handleRequest(NULL, Object(Config\Cache), false)
#4 /Applications/MAMP/htdocs/zlatar_finance/public/index.php(37): CodeIgniter\CodeIgniter->run()
#5 {main}
ERROR - 2022-04-02 12:34:03 --> You have an error in your SQL syntax; check the manual that corresponds to your MySQL server version for the right syntax to use near 'FROM receipt_changeWHERE record_id = '91'' at line 3
CRITICAL - 2022-04-02 12:34:03 --> You have an error in your SQL syntax; check the manual that corresponds to your MySQL server version for the right syntax to use near 'FROM receipt_changeWHERE record_id = '91'' at line 3
#0 /Applications/MAMP/htdocs/zlatar_finance/system/Database/MySQLi/Connection.php(292): mysqli->query('SELECT\n        ...', 0)
#1 /Applications/MAMP/htdocs/zlatar_finance/system/Database/BaseConnection.php(670): CodeIgniter\Database\MySQLi\Connection->execute('SELECT\n        ...')
#2 /Applications/MAMP/htdocs/zlatar_finance/system/Database/BaseConnection.php(598): CodeIgniter\Database\BaseConnection->simpleQuery('SELECT\n        ...')
#3 /Applications/MAMP/htdocs/zlatar_finance/app/Models/FinanceModel.php(240): CodeIgniter\Database\BaseConnection->query('SELECT\n        ...', Array)
#4 /Applications/MAMP/htdocs/zlatar_finance/app/Controllers/Dashboard.php(482): App\Models\FinanceModel->edit_item('receipt_change', Array, 6)
#5 /Applications/MAMP/htdocs/zlatar_finance/system/CodeIgniter.php(825): App\Controllers\Dashboard->edit_item()
#6 /Applications/MAMP/htdocs/zlatar_finance/system/CodeIgniter.php(412): CodeIgniter\CodeIgniter->runController(Object(App\Controllers\Dashboard))
#7 /Applications/MAMP/htdocs/zlatar_finance/system/CodeIgniter.php(320): CodeIgniter\CodeIgniter->handleRequest(NULL, Object(Config\Cache), false)
#8 /Applications/MAMP/htdocs/zlatar_finance/public/index.php(37): CodeIgniter\CodeIgniter->run()
#9 {main}
CRITICAL - 2022-04-02 12:34:39 --> Call to undefined method CodeIgniter\Database\MySQLi\Result::row()
#0 /Applications/MAMP/htdocs/zlatar_finance/app/Controllers/Dashboard.php(482): App\Models\FinanceModel->edit_item('receipt_change', Array, 6)
#1 /Applications/MAMP/htdocs/zlatar_finance/system/CodeIgniter.php(825): App\Controllers\Dashboard->edit_item()
#2 /Applications/MAMP/htdocs/zlatar_finance/system/CodeIgniter.php(412): CodeIgniter\CodeIgniter->runController(Object(App\Controllers\Dashboard))
#3 /Applications/MAMP/htdocs/zlatar_finance/system/CodeIgniter.php(320): CodeIgniter\CodeIgniter->handleRequest(NULL, Object(Config\Cache), false)
#4 /Applications/MAMP/htdocs/zlatar_finance/public/index.php(37): CodeIgniter\CodeIgniter->run()
#5 {main}
CRITICAL - 2022-04-02 12:35:08 --> Call to undefined method CodeIgniter\Database\MySQLi\Result::get()
#0 /Applications/MAMP/htdocs/zlatar_finance/app/Controllers/Dashboard.php(482): App\Models\FinanceModel->edit_item('receipt_change', Array, 6)
#1 /Applications/MAMP/htdocs/zlatar_finance/system/CodeIgniter.php(825): App\Controllers\Dashboard->edit_item()
#2 /Applications/MAMP/htdocs/zlatar_finance/system/CodeIgniter.php(412): CodeIgniter\CodeIgniter->runController(Object(App\Controllers\Dashboard))
#3 /Applications/MAMP/htdocs/zlatar_finance/system/CodeIgniter.php(320): CodeIgniter\CodeIgniter->handleRequest(NULL, Object(Config\Cache), false)
#4 /Applications/MAMP/htdocs/zlatar_finance/public/index.php(37): CodeIgniter\CodeIgniter->run()
#5 {main}
CRITICAL - 2022-04-02 12:36:13 --> Undefined offset: 0
#0 /Applications/MAMP/htdocs/zlatar_finance/app/Models/FinanceModel.php(241): CodeIgniter\Debug\Exceptions->errorHandler(8, 'Undefined offse...', '/Applications/M...', 241, Array)
#1 /Applications/MAMP/htdocs/zlatar_finance/app/Controllers/Dashboard.php(482): App\Models\FinanceModel->edit_item('receipt_change', Array, 6)
#2 /Applications/MAMP/htdocs/zlatar_finance/system/CodeIgniter.php(825): App\Controllers\Dashboard->edit_item()
#3 /Applications/MAMP/htdocs/zlatar_finance/system/CodeIgniter.php(412): CodeIgniter\CodeIgniter->runController(Object(App\Controllers\Dashboard))
#4 /Applications/MAMP/htdocs/zlatar_finance/system/CodeIgniter.php(320): CodeIgniter\CodeIgniter->handleRequest(NULL, Object(Config\Cache), false)
#5 /Applications/MAMP/htdocs/zlatar_finance/public/index.php(37): CodeIgniter\CodeIgniter->run()
#6 {main}
CRITICAL - 2022-04-02 12:36:24 --> Undefined index: create_date
#0 /Applications/MAMP/htdocs/zlatar_finance/app/Models/FinanceModel.php(243): CodeIgniter\Debug\Exceptions->errorHandler(8, 'Undefined index...', '/Applications/M...', 243, Array)
#1 /Applications/MAMP/htdocs/zlatar_finance/app/Controllers/Dashboard.php(482): App\Models\FinanceModel->edit_item('receipt_change', Array, 6)
#2 /Applications/MAMP/htdocs/zlatar_finance/system/CodeIgniter.php(825): App\Controllers\Dashboard->edit_item()
#3 /Applications/MAMP/htdocs/zlatar_finance/system/CodeIgniter.php(412): CodeIgniter\CodeIgniter->runController(Object(App\Controllers\Dashboard))
#4 /Applications/MAMP/htdocs/zlatar_finance/system/CodeIgniter.php(320): CodeIgniter\CodeIgniter->handleRequest(NULL, Object(Config\Cache), false)
#5 /Applications/MAMP/htdocs/zlatar_finance/public/index.php(37): CodeIgniter\CodeIgniter->run()
#6 {main}
CRITICAL - 2022-04-02 12:37:10 --> Trying to get property 'create_date' of non-object
#0 /Applications/MAMP/htdocs/zlatar_finance/app/Models/FinanceModel.php(243): CodeIgniter\Debug\Exceptions->errorHandler(8, 'Trying to get p...', '/Applications/M...', 243, Array)
#1 /Applications/MAMP/htdocs/zlatar_finance/app/Controllers/Dashboard.php(482): App\Models\FinanceModel->edit_item('receipt_change', Array, 6)
#2 /Applications/MAMP/htdocs/zlatar_finance/system/CodeIgniter.php(825): App\Controllers\Dashboard->edit_item()
#3 /Applications/MAMP/htdocs/zlatar_finance/system/CodeIgniter.php(412): CodeIgniter\CodeIgniter->runController(Object(App\Controllers\Dashboard))
#4 /Applications/MAMP/htdocs/zlatar_finance/system/CodeIgniter.php(320): CodeIgniter\CodeIgniter->handleRequest(NULL, Object(Config\Cache), false)
#5 /Applications/MAMP/htdocs/zlatar_finance/public/index.php(37): CodeIgniter\CodeIgniter->run()
#6 {main}
CRITICAL - 2022-04-02 12:38:00 --> Undefined index: create_date
#0 /Applications/MAMP/htdocs/zlatar_finance/app/Models/FinanceModel.php(244): CodeIgniter\Debug\Exceptions->errorHandler(8, 'Undefined index...', '/Applications/M...', 244, Array)
#1 /Applications/MAMP/htdocs/zlatar_finance/app/Controllers/Dashboard.php(482): App\Models\FinanceModel->edit_item('receipt_change', Array, 6)
#2 /Applications/MAMP/htdocs/zlatar_finance/system/CodeIgniter.php(825): App\Controllers\Dashboard->edit_item()
#3 /Applications/MAMP/htdocs/zlatar_finance/system/CodeIgniter.php(412): CodeIgniter\CodeIgniter->runController(Object(App\Controllers\Dashboard))
#4 /Applications/MAMP/htdocs/zlatar_finance/system/CodeIgniter.php(320): CodeIgniter\CodeIgniter->handleRequest(NULL, Object(Config\Cache), false)
#5 /Applications/MAMP/htdocs/zlatar_finance/public/index.php(37): CodeIgniter\CodeIgniter->run()
#6 {main}
CRITICAL - 2022-04-02 12:38:49 --> Undefined index: create_date
#0 /Applications/MAMP/htdocs/zlatar_finance/app/Models/FinanceModel.php(244): CodeIgniter\Debug\Exceptions->errorHandler(8, 'Undefined index...', '/Applications/M...', 244, Array)
#1 /Applications/MAMP/htdocs/zlatar_finance/app/Controllers/Dashboard.php(482): App\Models\FinanceModel->edit_item('receipt_change', Array, 6)
#2 /Applications/MAMP/htdocs/zlatar_finance/system/CodeIgniter.php(825): App\Controllers\Dashboard->edit_item()
#3 /Applications/MAMP/htdocs/zlatar_finance/system/CodeIgniter.php(412): CodeIgniter\CodeIgniter->runController(Object(App\Controllers\Dashboard))
#4 /Applications/MAMP/htdocs/zlatar_finance/system/CodeIgniter.php(320): CodeIgniter\CodeIgniter->handleRequest(NULL, Object(Config\Cache), false)
#5 /Applications/MAMP/htdocs/zlatar_finance/public/index.php(37): CodeIgniter\CodeIgniter->run()
#6 {main}
ERROR - 2022-04-02 12:39:19 --> Unknown column 'record_id' in 'where clause'
CRITICAL - 2022-04-02 12:39:19 --> Unknown column 'record_id' in 'where clause'
#0 /Applications/MAMP/htdocs/zlatar_finance/system/Database/MySQLi/Connection.php(292): mysqli->query('SELECT\n        ...', 0)
#1 /Applications/MAMP/htdocs/zlatar_finance/system/Database/BaseConnection.php(670): CodeIgniter\Database\MySQLi\Connection->execute('SELECT\n        ...')
#2 /Applications/MAMP/htdocs/zlatar_finance/system/Database/BaseConnection.php(598): CodeIgniter\Database\BaseConnection->simpleQuery('SELECT\n        ...')
#3 /Applications/MAMP/htdocs/zlatar_finance/app/Models/FinanceModel.php(240): CodeIgniter\Database\BaseConnection->query('SELECT\n        ...', Array)
#4 /Applications/MAMP/htdocs/zlatar_finance/app/Controllers/Dashboard.php(482): App\Models\FinanceModel->edit_item('receipt_change', Array, 6)
#5 /Applications/MAMP/htdocs/zlatar_finance/system/CodeIgniter.php(825): App\Controllers\Dashboard->edit_item()
#6 /Applications/MAMP/htdocs/zlatar_finance/system/CodeIgniter.php(412): CodeIgniter\CodeIgniter->runController(Object(App\Controllers\Dashboard))
#7 /Applications/MAMP/htdocs/zlatar_finance/system/CodeIgniter.php(320): CodeIgniter\CodeIgniter->handleRequest(NULL, Object(Config\Cache), false)
#8 /Applications/MAMP/htdocs/zlatar_finance/public/index.php(37): CodeIgniter\CodeIgniter->run()
#9 {main}
CRITICAL - 2022-04-02 12:39:45 --> Undefined index: create_date
#0 /Applications/MAMP/htdocs/zlatar_finance/app/Models/FinanceModel.php(244): CodeIgniter\Debug\Exceptions->errorHandler(8, 'Undefined index...', '/Applications/M...', 244, Array)
#1 /Applications/MAMP/htdocs/zlatar_finance/app/Controllers/Dashboard.php(482): App\Models\FinanceModel->edit_item('receipt_change', Array, 6)
#2 /Applications/MAMP/htdocs/zlatar_finance/system/CodeIgniter.php(825): App\Controllers\Dashboard->edit_item()
#3 /Applications/MAMP/htdocs/zlatar_finance/system/CodeIgniter.php(412): CodeIgniter\CodeIgniter->runController(Object(App\Controllers\Dashboard))
#4 /Applications/MAMP/htdocs/zlatar_finance/system/CodeIgniter.php(320): CodeIgniter\CodeIgniter->handleRequest(NULL, Object(Config\Cache), false)
#5 /Applications/MAMP/htdocs/zlatar_finance/public/index.php(37): CodeIgniter\CodeIgniter->run()
#6 {main}
CRITICAL - 2022-04-02 12:40:29 --> syntax error, unexpected ''create_date'' (T_CONSTANT_ENCAPSED_STRING), expecting identifier (T_STRING) or variable (T_VARIABLE) or '{' or '$'
#0 /Applications/MAMP/htdocs/zlatar_finance/system/Autoloader/Autoloader.php(241): CodeIgniter\Autoloader\Autoloader->includeFile('/Applications/M...')
#1 /Applications/MAMP/htdocs/zlatar_finance/system/Autoloader/Autoloader.php(219): CodeIgniter\Autoloader\Autoloader->loadInNamespace('App\\Models\\Fina...')
#2 [internal function]: CodeIgniter\Autoloader\Autoloader->loadClass('App\\Models\\Fina...')
#3 /Applications/MAMP/htdocs/zlatar_finance/app/Controllers/Dashboard.php(448): spl_autoload_call('App\\Models\\Fina...')
#4 /Applications/MAMP/htdocs/zlatar_finance/system/CodeIgniter.php(825): App\Controllers\Dashboard->edit_item()
#5 /Applications/MAMP/htdocs/zlatar_finance/system/CodeIgniter.php(412): CodeIgniter\CodeIgniter->runController(Object(App\Controllers\Dashboard))
#6 /Applications/MAMP/htdocs/zlatar_finance/system/CodeIgniter.php(320): CodeIgniter\CodeIgniter->handleRequest(NULL, Object(Config\Cache), false)
#7 /Applications/MAMP/htdocs/zlatar_finance/public/index.php(37): CodeIgniter\CodeIgniter->run()
#8 {main}
CRITICAL - 2022-04-02 12:40:51 --> Undefined variable: title
#0 /Applications/MAMP/htdocs/zlatar_finance/app/Views/dashboard/finance_report.php(14): CodeIgniter\Debug\Exceptions->errorHandler(8, 'Undefined varia...', '/Applications/M...', 14, Array)
#1 /Applications/MAMP/htdocs/zlatar_finance/system/View/View.php(210): include('/Applications/M...')
#2 /Applications/MAMP/htdocs/zlatar_finance/system/View/View.php(213): CodeIgniter\View\View->CodeIgniter\View\{closure}()
#3 /Applications/MAMP/htdocs/zlatar_finance/system/Common.php(1089): CodeIgniter\View\View->render('dashboard/finan...', Array, true)
#4 /Applications/MAMP/htdocs/zlatar_finance/app/Controllers/Dashboard.php(518): view('dashboard/finan...')
#5 /Applications/MAMP/htdocs/zlatar_finance/system/CodeIgniter.php(825): App\Controllers\Dashboard->edit_item()
#6 /Applications/MAMP/htdocs/zlatar_finance/system/CodeIgniter.php(412): CodeIgniter\CodeIgniter->runController(Object(App\Controllers\Dashboard))
#7 /Applications/MAMP/htdocs/zlatar_finance/system/CodeIgniter.php(320): CodeIgniter\CodeIgniter->handleRequest(NULL, Object(Config\Cache), false)
#8 /Applications/MAMP/htdocs/zlatar_finance/public/index.php(37): CodeIgniter\CodeIgniter->run()
#9 {main}
CRITICAL - 2022-04-02 12:41:56 --> Undefined variable: title
#0 /Applications/MAMP/htdocs/zlatar_finance/app/Views/dashboard/finance_report.php(14): CodeIgniter\Debug\Exceptions->errorHandler(8, 'Undefined varia...', '/Applications/M...', 14, Array)
#1 /Applications/MAMP/htdocs/zlatar_finance/system/View/View.php(210): include('/Applications/M...')
#2 /Applications/MAMP/htdocs/zlatar_finance/system/View/View.php(213): CodeIgniter\View\View->CodeIgniter\View\{closure}()
#3 /Applications/MAMP/htdocs/zlatar_finance/system/Common.php(1089): CodeIgniter\View\View->render('dashboard/finan...', Array, true)
#4 /Applications/MAMP/htdocs/zlatar_finance/app/Controllers/Dashboard.php(518): view('dashboard/finan...')
#5 /Applications/MAMP/htdocs/zlatar_finance/system/CodeIgniter.php(825): App\Controllers\Dashboard->edit_item()
#6 /Applications/MAMP/htdocs/zlatar_finance/system/CodeIgniter.php(412): CodeIgniter\CodeIgniter->runController(Object(App\Controllers\Dashboard))
#7 /Applications/MAMP/htdocs/zlatar_finance/system/CodeIgniter.php(320): CodeIgniter\CodeIgniter->handleRequest(NULL, Object(Config\Cache), false)
#8 /Applications/MAMP/htdocs/zlatar_finance/public/index.php(37): CodeIgniter\CodeIgniter->run()
#9 {main}
CRITICAL - 2022-04-02 12:42:59 --> Undefined variable: title
#0 /Applications/MAMP/htdocs/zlatar_finance/app/Views/dashboard/finance_report.php(14): CodeIgniter\Debug\Exceptions->errorHandler(8, 'Undefined varia...', '/Applications/M...', 14, Array)
#1 /Applications/MAMP/htdocs/zlatar_finance/system/View/View.php(210): include('/Applications/M...')
#2 /Applications/MAMP/htdocs/zlatar_finance/system/View/View.php(213): CodeIgniter\View\View->CodeIgniter\View\{closure}()
#3 /Applications/MAMP/htdocs/zlatar_finance/system/Common.php(1089): CodeIgniter\View\View->render('dashboard/finan...', Array, true)
#4 /Applications/MAMP/htdocs/zlatar_finance/app/Controllers/Dashboard.php(518): view('dashboard/finan...')
#5 /Applications/MAMP/htdocs/zlatar_finance/system/CodeIgniter.php(825): App\Controllers\Dashboard->edit_item()
#6 /Applications/MAMP/htdocs/zlatar_finance/system/CodeIgniter.php(412): CodeIgniter\CodeIgniter->runController(Object(App\Controllers\Dashboard))
#7 /Applications/MAMP/htdocs/zlatar_finance/system/CodeIgniter.php(320): CodeIgniter\CodeIgniter->handleRequest(NULL, Object(Config\Cache), false)
#8 /Applications/MAMP/htdocs/zlatar_finance/public/index.php(37): CodeIgniter\CodeIgniter->run()
#9 {main}
CRITICAL - 2022-04-02 12:43:58 --> Undefined variable: userInfo
#0 /Applications/MAMP/htdocs/zlatar_finance/app/Controllers/Dashboard.php(519): CodeIgniter\Debug\Exceptions->errorHandler(8, 'Undefined varia...', '/Applications/M...', 519, Array)
#1 /Applications/MAMP/htdocs/zlatar_finance/system/CodeIgniter.php(825): App\Controllers\Dashboard->edit_item()
#2 /Applications/MAMP/htdocs/zlatar_finance/system/CodeIgniter.php(412): CodeIgniter\CodeIgniter->runController(Object(App\Controllers\Dashboard))
#3 /Applications/MAMP/htdocs/zlatar_finance/system/CodeIgniter.php(320): CodeIgniter\CodeIgniter->handleRequest(NULL, Object(Config\Cache), false)
#4 /Applications/MAMP/htdocs/zlatar_finance/public/index.php(37): CodeIgniter\CodeIgniter->run()
#5 {main}
CRITICAL - 2022-04-02 12:44:15 --> Undefined variable: title
#0 /Applications/MAMP/htdocs/zlatar_finance/app/Views/dashboard/finance_report.php(14): CodeIgniter\Debug\Exceptions->errorHandler(8, 'Undefined varia...', '/Applications/M...', 14, Array)
#1 /Applications/MAMP/htdocs/zlatar_finance/system/View/View.php(210): include('/Applications/M...')
#2 /Applications/MAMP/htdocs/zlatar_finance/system/View/View.php(213): CodeIgniter\View\View->CodeIgniter\View\{closure}()
#3 /Applications/MAMP/htdocs/zlatar_finance/system/Common.php(1089): CodeIgniter\View\View->render('dashboard/finan...', Array, true)
#4 /Applications/MAMP/htdocs/zlatar_finance/app/Controllers/Dashboard.php(536): view('dashboard/finan...')
#5 /Applications/MAMP/htdocs/zlatar_finance/system/CodeIgniter.php(825): App\Controllers\Dashboard->edit_item()
#6 /Applications/MAMP/htdocs/zlatar_finance/system/CodeIgniter.php(412): CodeIgniter\CodeIgniter->runController(Object(App\Controllers\Dashboard))
#7 /Applications/MAMP/htdocs/zlatar_finance/system/CodeIgniter.php(320): CodeIgniter\CodeIgniter->handleRequest(NULL, Object(Config\Cache), false)
#8 /Applications/MAMP/htdocs/zlatar_finance/public/index.php(37): CodeIgniter\CodeIgniter->run()
#9 {main}
CRITICAL - 2022-04-02 12:45:24 --> Undefined variable: title
#0 /Applications/MAMP/htdocs/zlatar_finance/app/Views/dashboard/finance_report.php(14): CodeIgniter\Debug\Exceptions->errorHandler(8, 'Undefined varia...', '/Applications/M...', 14, Array)
#1 /Applications/MAMP/htdocs/zlatar_finance/system/View/View.php(210): include('/Applications/M...')
#2 /Applications/MAMP/htdocs/zlatar_finance/system/View/View.php(213): CodeIgniter\View\View->CodeIgniter\View\{closure}()
#3 /Applications/MAMP/htdocs/zlatar_finance/system/Common.php(1089): CodeIgniter\View\View->render('dashboard/finan...', Array, true)
#4 /Applications/MAMP/htdocs/zlatar_finance/app/Controllers/Dashboard.php(536): view('dashboard/finan...')
#5 /Applications/MAMP/htdocs/zlatar_finance/system/CodeIgniter.php(825): App\Controllers\Dashboard->edit_item()
#6 /Applications/MAMP/htdocs/zlatar_finance/system/CodeIgniter.php(412): CodeIgniter\CodeIgniter->runController(Object(App\Controllers\Dashboard))
#7 /Applications/MAMP/htdocs/zlatar_finance/system/CodeIgniter.php(320): CodeIgniter\CodeIgniter->handleRequest(NULL, Object(Config\Cache), false)
#8 /Applications/MAMP/htdocs/zlatar_finance/public/index.php(37): CodeIgniter\CodeIgniter->run()
#9 {main}
CRITICAL - 2022-04-02 12:46:37 --> Undefined variable: title
#0 /Applications/MAMP/htdocs/zlatar_finance/app/Views/dashboard/finance_report.php(14): CodeIgniter\Debug\Exceptions->errorHandler(8, 'Undefined varia...', '/Applications/M...', 14, Array)
#1 /Applications/MAMP/htdocs/zlatar_finance/system/View/View.php(210): include('/Applications/M...')
#2 /Applications/MAMP/htdocs/zlatar_finance/system/View/View.php(213): CodeIgniter\View\View->CodeIgniter\View\{closure}()
#3 /Applications/MAMP/htdocs/zlatar_finance/system/Common.php(1089): CodeIgniter\View\View->render('dashboard/finan...', Array, true)
#4 /Applications/MAMP/htdocs/zlatar_finance/app/Controllers/Dashboard.php(536): view('dashboard/finan...')
#5 /Applications/MAMP/htdocs/zlatar_finance/system/CodeIgniter.php(825): App\Controllers\Dashboard->edit_item()
#6 /Applications/MAMP/htdocs/zlatar_finance/system/CodeIgniter.php(412): CodeIgniter\CodeIgniter->runController(Object(App\Controllers\Dashboard))
#7 /Applications/MAMP/htdocs/zlatar_finance/system/CodeIgniter.php(320): CodeIgniter\CodeIgniter->handleRequest(NULL, Object(Config\Cache), false)
#8 /Applications/MAMP/htdocs/zlatar_finance/public/index.php(37): CodeIgniter\CodeIgniter->run()
#9 {main}
