CRITICAL - 2022-03-15 10:52:57 --> time() expects exactly 0 parameters, 1 given
#0 [internal function]: CodeIgniter\Debug\Exceptions->errorHandler(2, 'time() expects ...', '/Applications/M...', 25, Array)
#1 /Applications/MAMP/htdocs/zlatar_finance/app/Views/dashboard/finance_report.php(25): time('21:50:00')
#2 /Applications/MAMP/htdocs/zlatar_finance/system/View/View.php(210): include('/Applications/M...')
#3 /Applications/MAMP/htdocs/zlatar_finance/system/View/View.php(213): CodeIgniter\View\View->CodeIgniter\View\{closure}()
#4 /Applications/MAMP/htdocs/zlatar_finance/system/Common.php(1089): CodeIgniter\View\View->render('dashboard/finan...', Array, true)
#5 /Applications/MAMP/htdocs/zlatar_finance/app/Controllers/Dashboard.php(32): view('dashboard/finan...', Array)
#6 /Applications/MAMP/htdocs/zlatar_finance/system/CodeIgniter.php(825): App\Controllers\Dashboard->index()
#7 /Applications/MAMP/htdocs/zlatar_finance/system/CodeIgniter.php(412): CodeIgniter\CodeIgniter->runController(Object(App\Controllers\Dashboard))
#8 /Applications/MAMP/htdocs/zlatar_finance/system/CodeIgniter.php(320): CodeIgniter\CodeIgniter->handleRequest(NULL, Object(Config\Cache), false)
#9 /Applications/MAMP/htdocs/zlatar_finance/public/index.php(37): CodeIgniter\CodeIgniter->run()
#10 {main}
CRITICAL - 2022-03-15 10:58:10 --> syntax error, unexpected 'endif' (T_ENDIF)
#0 /Applications/MAMP/htdocs/zlatar_finance/system/View/View.php(213): CodeIgniter\View\View->CodeIgniter\View\{closure}()
#1 /Applications/MAMP/htdocs/zlatar_finance/system/Common.php(1089): CodeIgniter\View\View->render('dashboard/sub/r...', Array, true)
#2 /Applications/MAMP/htdocs/zlatar_finance/app/Views/dashboard/sub/account_title.php(9): view('dashboard/sub/r...', Array)
#3 /Applications/MAMP/htdocs/zlatar_finance/system/View/View.php(210): include('/Applications/M...')
#4 /Applications/MAMP/htdocs/zlatar_finance/system/View/View.php(213): CodeIgniter\View\View->CodeIgniter\View\{closure}()
#5 /Applications/MAMP/htdocs/zlatar_finance/system/Common.php(1089): CodeIgniter\View\View->render('dashboard/sub/a...', Array, true)
#6 /Applications/MAMP/htdocs/zlatar_finance/app/Views/dashboard/finance_report.php(63): view('dashboard/sub/a...', Array)
#7 /Applications/MAMP/htdocs/zlatar_finance/system/View/View.php(210): include('/Applications/M...')
#8 /Applications/MAMP/htdocs/zlatar_finance/system/View/View.php(213): CodeIgniter\View\View->CodeIgniter\View\{closure}()
#9 /Applications/MAMP/htdocs/zlatar_finance/system/Common.php(1089): CodeIgniter\View\View->render('dashboard/finan...', Array, true)
#10 /Applications/MAMP/htdocs/zlatar_finance/app/Controllers/Dashboard.php(32): view('dashboard/finan...', Array)
#11 /Applications/MAMP/htdocs/zlatar_finance/system/CodeIgniter.php(825): App\Controllers\Dashboard->index()
#12 /Applications/MAMP/htdocs/zlatar_finance/system/CodeIgniter.php(412): CodeIgniter\CodeIgniter->runController(Object(App\Controllers\Dashboard))
#13 /Applications/MAMP/htdocs/zlatar_finance/system/CodeIgniter.php(320): CodeIgniter\CodeIgniter->handleRequest(NULL, Object(Config\Cache), false)
#14 /Applications/MAMP/htdocs/zlatar_finance/public/index.php(37): CodeIgniter\CodeIgniter->run()
#15 {main}
CRITICAL - 2022-03-15 10:59:31 --> Undefined variable: table_name
#0 /Applications/MAMP/htdocs/zlatar_finance/app/Controllers/Dashboard.php(224): CodeIgniter\Debug\Exceptions->errorHandler(8, 'Undefined varia...', '/Applications/M...', 224, Array)
#1 /Applications/MAMP/htdocs/zlatar_finance/system/CodeIgniter.php(825): App\Controllers\Dashboard->save_item()
#2 /Applications/MAMP/htdocs/zlatar_finance/system/CodeIgniter.php(412): CodeIgniter\CodeIgniter->runController(Object(App\Controllers\Dashboard))
#3 /Applications/MAMP/htdocs/zlatar_finance/system/CodeIgniter.php(320): CodeIgniter\CodeIgniter->handleRequest(NULL, Object(Config\Cache), false)
#4 /Applications/MAMP/htdocs/zlatar_finance/public/index.php(37): CodeIgniter\CodeIgniter->run()
#5 {main}
CRITICAL - 2022-03-15 11:04:34 --> syntax error, unexpected ''description'' (T_CONSTANT_ENCAPSED_STRING), expecting ']'
#0 /Applications/MAMP/htdocs/zlatar_finance/system/Autoloader/Autoloader.php(241): CodeIgniter\Autoloader\Autoloader->includeFile('/Applications/M...')
#1 /Applications/MAMP/htdocs/zlatar_finance/system/Autoloader/Autoloader.php(219): CodeIgniter\Autoloader\Autoloader->loadInNamespace('App\\Controllers...')
#2 [internal function]: CodeIgniter\Autoloader\Autoloader->loadClass('App\\Controllers...')
#3 [internal function]: spl_autoload_call('App\\Controllers...')
#4 /Applications/MAMP/htdocs/zlatar_finance/system/CodeIgniter.php(790): class_exists('\\App\\Controller...', true)
#5 /Applications/MAMP/htdocs/zlatar_finance/system/CodeIgniter.php(399): CodeIgniter\CodeIgniter->startController()
#6 /Applications/MAMP/htdocs/zlatar_finance/system/CodeIgniter.php(320): CodeIgniter\CodeIgniter->handleRequest(NULL, Object(Config\Cache), false)
#7 /Applications/MAMP/htdocs/zlatar_finance/public/index.php(37): CodeIgniter\CodeIgniter->run()
#8 {main}
ERROR - 2022-03-15 11:10:01 --> Cannot add or update a child row: a foreign key constraint fails (`zlatar_finance`.`receipt`, CONSTRAINT `receipt_related_agreemnt` FOREIGN KEY (`agreement`) REFERENCES `agreement_forZR` (`id`))
CRITICAL - 2022-03-15 11:10:01 --> Cannot add or update a child row: a foreign key constraint fails (`zlatar_finance`.`receipt`, CONSTRAINT `receipt_related_agreemnt` FOREIGN KEY (`agreement`) REFERENCES `agreement_forZR` (`id`))
#0 /Applications/MAMP/htdocs/zlatar_finance/system/Database/MySQLi/Connection.php(292): mysqli->query('INSERT INTO `re...', 0)
#1 /Applications/MAMP/htdocs/zlatar_finance/system/Database/BaseConnection.php(670): CodeIgniter\Database\MySQLi\Connection->execute('INSERT INTO `re...')
#2 /Applications/MAMP/htdocs/zlatar_finance/system/Database/BaseConnection.php(598): CodeIgniter\Database\BaseConnection->simpleQuery('INSERT INTO `re...')
#3 /Applications/MAMP/htdocs/zlatar_finance/system/Database/BaseBuilder.php(1771): CodeIgniter\Database\BaseConnection->query('INSERT INTO `re...', Array, false)
#4 /Applications/MAMP/htdocs/zlatar_finance/app/Models/FinanceModel.php(173): CodeIgniter\Database\BaseBuilder->insert(Array)
#5 /Applications/MAMP/htdocs/zlatar_finance/app/Controllers/Dashboard.php(228): App\Models\FinanceModel->save_item('receipt', Array)
#6 /Applications/MAMP/htdocs/zlatar_finance/system/CodeIgniter.php(825): App\Controllers\Dashboard->save_item()
#7 /Applications/MAMP/htdocs/zlatar_finance/system/CodeIgniter.php(412): CodeIgniter\CodeIgniter->runController(Object(App\Controllers\Dashboard))
#8 /Applications/MAMP/htdocs/zlatar_finance/system/CodeIgniter.php(320): CodeIgniter\CodeIgniter->handleRequest(NULL, Object(Config\Cache), false)
#9 /Applications/MAMP/htdocs/zlatar_finance/public/index.php(37): CodeIgniter\CodeIgniter->run()
#10 {main}
