CRITICAL - 2022-08-28 09:27:02 --> Undefined index: role
#0 /Applications/MAMP/htdocs/zlatar_finance/codeigniter/app/Controllers/Report.php(32): CodeIgniter\Debug\Exceptions->errorHandler(8, 'Undefined index...', '/Applications/M...', 32, Array)
#1 /Applications/MAMP/htdocs/zlatar_finance/codeigniter/system/CodeIgniter.php(825): App\Controllers\Report->index()
#2 /Applications/MAMP/htdocs/zlatar_finance/codeigniter/system/CodeIgniter.php(412): CodeIgniter\CodeIgniter->runController(Object(App\Controllers\Report))
#3 /Applications/MAMP/htdocs/zlatar_finance/codeigniter/system/CodeIgniter.php(320): CodeIgniter\CodeIgniter->handleRequest(NULL, Object(Config\Cache), false)
#4 /Applications/MAMP/htdocs/zlatar_finance/index.php(37): CodeIgniter\CodeIgniter->run()
#5 {main}
ERROR - 2022-08-28 11:17:12 --> Unknown column 'goods' in 'field list'
CRITICAL - 2022-08-28 11:17:12 --> Unknown column 'goods' in 'field list'
#0 /Applications/MAMP/htdocs/zlatar_finance/codeigniter/system/Database/MySQLi/Connection.php(292): mysqli->query('INSERT INTO `ex...', 0)
#1 /Applications/MAMP/htdocs/zlatar_finance/codeigniter/system/Database/BaseConnection.php(670): CodeIgniter\Database\MySQLi\Connection->execute('INSERT INTO `ex...')
#2 /Applications/MAMP/htdocs/zlatar_finance/codeigniter/system/Database/BaseConnection.php(598): CodeIgniter\Database\BaseConnection->simpleQuery('INSERT INTO `ex...')
#3 /Applications/MAMP/htdocs/zlatar_finance/codeigniter/system/Database/BaseBuilder.php(1771): CodeIgniter\Database\BaseConnection->query('INSERT INTO `ex...', Array, false)
#4 /Applications/MAMP/htdocs/zlatar_finance/codeigniter/app/Models/FinanceModel.php(322): CodeIgniter\Database\BaseBuilder->insert(Array)
#5 /Applications/MAMP/htdocs/zlatar_finance/codeigniter/app/Controllers/Dashboard.php(218): App\Models\FinanceModel->save_item('expense', Array)
#6 /Applications/MAMP/htdocs/zlatar_finance/codeigniter/system/CodeIgniter.php(825): App\Controllers\Dashboard->save_item()
#7 /Applications/MAMP/htdocs/zlatar_finance/codeigniter/system/CodeIgniter.php(412): CodeIgniter\CodeIgniter->runController(Object(App\Controllers\Dashboard))
#8 /Applications/MAMP/htdocs/zlatar_finance/codeigniter/system/CodeIgniter.php(320): CodeIgniter\CodeIgniter->handleRequest(NULL, Object(Config\Cache), false)
#9 /Applications/MAMP/htdocs/zlatar_finance/index.php(37): CodeIgniter\CodeIgniter->run()
#10 {main}
CRITICAL - 2022-08-28 12:11:39 --> Call to undefined method CodeIgniter\Database\MySQLi\Connection::last_query()
#0 /Applications/MAMP/htdocs/zlatar_finance/codeigniter/app/Controllers/Report.php(38): App\Models\FinanceModel->get_reportMain(Object(DateTime), Object(DateTime))
#1 /Applications/MAMP/htdocs/zlatar_finance/codeigniter/system/CodeIgniter.php(825): App\Controllers\Report->get_report()
#2 /Applications/MAMP/htdocs/zlatar_finance/codeigniter/system/CodeIgniter.php(412): CodeIgniter\CodeIgniter->runController(Object(App\Controllers\Report))
#3 /Applications/MAMP/htdocs/zlatar_finance/codeigniter/system/CodeIgniter.php(320): CodeIgniter\CodeIgniter->handleRequest(NULL, Object(Config\Cache), false)
#4 /Applications/MAMP/htdocs/zlatar_finance/index.php(37): CodeIgniter\CodeIgniter->run()
#5 {main}
CRITICAL - 2022-08-28 14:35:12 --> Call to undefined method CodeIgniter\Database\MySQLi\Connection::last_query()
#0 /Applications/MAMP/htdocs/zlatar_finance/codeigniter/app/Controllers/Report.php(38): App\Models\FinanceModel->get_reportMain(Object(DateTime), Object(DateTime))
#1 /Applications/MAMP/htdocs/zlatar_finance/codeigniter/system/CodeIgniter.php(825): App\Controllers\Report->get_report()
#2 /Applications/MAMP/htdocs/zlatar_finance/codeigniter/system/CodeIgniter.php(412): CodeIgniter\CodeIgniter->runController(Object(App\Controllers\Report))
#3 /Applications/MAMP/htdocs/zlatar_finance/codeigniter/system/CodeIgniter.php(320): CodeIgniter\CodeIgniter->handleRequest(NULL, Object(Config\Cache), false)
#4 /Applications/MAMP/htdocs/zlatar_finance/index.php(37): CodeIgniter\CodeIgniter->run()
#5 {main}
CRITICAL - 2022-08-28 14:37:52 --> Undefined index: role
#0 /Applications/MAMP/htdocs/zlatar_finance/codeigniter/app/Controllers/Report.php(24): CodeIgniter\Debug\Exceptions->errorHandler(8, 'Undefined index...', '/Applications/M...', 24, Array)
#1 /Applications/MAMP/htdocs/zlatar_finance/codeigniter/system/CodeIgniter.php(825): App\Controllers\Report->index()
#2 /Applications/MAMP/htdocs/zlatar_finance/codeigniter/system/CodeIgniter.php(412): CodeIgniter\CodeIgniter->runController(Object(App\Controllers\Report))
#3 /Applications/MAMP/htdocs/zlatar_finance/codeigniter/system/CodeIgniter.php(320): CodeIgniter\CodeIgniter->handleRequest(NULL, Object(Config\Cache), false)
#4 /Applications/MAMP/htdocs/zlatar_finance/index.php(37): CodeIgniter\CodeIgniter->run()
#5 {main}
CRITICAL - 2022-08-28 14:39:02 --> Object of class DateTime could not be converted to string
#0 /Applications/MAMP/htdocs/zlatar_finance/codeigniter/system/CodeIgniter.php(825): App\Controllers\Report->get_report()
#1 /Applications/MAMP/htdocs/zlatar_finance/codeigniter/system/CodeIgniter.php(412): CodeIgniter\CodeIgniter->runController(Object(App\Controllers\Report))
#2 /Applications/MAMP/htdocs/zlatar_finance/codeigniter/system/CodeIgniter.php(320): CodeIgniter\CodeIgniter->handleRequest(NULL, Object(Config\Cache), false)
#3 /Applications/MAMP/htdocs/zlatar_finance/index.php(37): CodeIgniter\CodeIgniter->run()
#4 {main}
CRITICAL - 2022-08-28 14:43:49 --> Call to undefined method CodeIgniter\Database\MySQLi\Connection::last_query()
#0 /Applications/MAMP/htdocs/zlatar_finance/codeigniter/app/Controllers/Report.php(41): App\Models\FinanceModel->get_reportMain(Object(DateTime), Object(DateTime))
#1 /Applications/MAMP/htdocs/zlatar_finance/codeigniter/system/CodeIgniter.php(825): App\Controllers\Report->get_report()
#2 /Applications/MAMP/htdocs/zlatar_finance/codeigniter/system/CodeIgniter.php(412): CodeIgniter\CodeIgniter->runController(Object(App\Controllers\Report))
#3 /Applications/MAMP/htdocs/zlatar_finance/codeigniter/system/CodeIgniter.php(320): CodeIgniter\CodeIgniter->handleRequest(NULL, Object(Config\Cache), false)
#4 /Applications/MAMP/htdocs/zlatar_finance/index.php(37): CodeIgniter\CodeIgniter->run()
#5 {main}
CRITICAL - 2022-08-28 14:47:53 --> syntax error, unexpected '->' (T_OBJECT_OPERATOR), expecting identifier (T_STRING) or variable (T_VARIABLE) or '{' or '$'
#0 /Applications/MAMP/htdocs/zlatar_finance/codeigniter/system/Autoloader/Autoloader.php(241): CodeIgniter\Autoloader\Autoloader->includeFile('/Applications/M...')
#1 /Applications/MAMP/htdocs/zlatar_finance/codeigniter/system/Autoloader/Autoloader.php(219): CodeIgniter\Autoloader\Autoloader->loadInNamespace('App\\Models\\Fina...')
#2 [internal function]: CodeIgniter\Autoloader\Autoloader->loadClass('App\\Models\\Fina...')
#3 /Applications/MAMP/htdocs/zlatar_finance/codeigniter/app/Controllers/Report.php(33): spl_autoload_call('App\\Models\\Fina...')
#4 /Applications/MAMP/htdocs/zlatar_finance/codeigniter/system/CodeIgniter.php(825): App\Controllers\Report->get_report()
#5 /Applications/MAMP/htdocs/zlatar_finance/codeigniter/system/CodeIgniter.php(412): CodeIgniter\CodeIgniter->runController(Object(App\Controllers\Report))
#6 /Applications/MAMP/htdocs/zlatar_finance/codeigniter/system/CodeIgniter.php(320): CodeIgniter\CodeIgniter->handleRequest(NULL, Object(Config\Cache), false)
#7 /Applications/MAMP/htdocs/zlatar_finance/index.php(37): CodeIgniter\CodeIgniter->run()
#8 {main}
CRITICAL - 2022-08-28 14:48:10 --> Undefined variable: builder
#0 /Applications/MAMP/htdocs/zlatar_finance/codeigniter/app/Models/FinanceModel.php(613): CodeIgniter\Debug\Exceptions->errorHandler(8, 'Undefined varia...', '/Applications/M...', 613, Array)
#1 /Applications/MAMP/htdocs/zlatar_finance/codeigniter/app/Controllers/Report.php(41): App\Models\FinanceModel->get_reportMain(Object(DateTime), Object(DateTime))
#2 /Applications/MAMP/htdocs/zlatar_finance/codeigniter/system/CodeIgniter.php(825): App\Controllers\Report->get_report()
#3 /Applications/MAMP/htdocs/zlatar_finance/codeigniter/system/CodeIgniter.php(412): CodeIgniter\CodeIgniter->runController(Object(App\Controllers\Report))
#4 /Applications/MAMP/htdocs/zlatar_finance/codeigniter/system/CodeIgniter.php(320): CodeIgniter\CodeIgniter->handleRequest(NULL, Object(Config\Cache), false)
#5 /Applications/MAMP/htdocs/zlatar_finance/index.php(37): CodeIgniter\CodeIgniter->run()
#6 {main}
CRITICAL - 2022-08-28 14:48:49 --> Undefined variable: builder
#0 /Applications/MAMP/htdocs/zlatar_finance/codeigniter/app/Models/FinanceModel.php(613): CodeIgniter\Debug\Exceptions->errorHandler(8, 'Undefined varia...', '/Applications/M...', 613, Array)
#1 /Applications/MAMP/htdocs/zlatar_finance/codeigniter/app/Controllers/Report.php(41): App\Models\FinanceModel->get_reportMain(Object(DateTime), Object(DateTime))
#2 /Applications/MAMP/htdocs/zlatar_finance/codeigniter/system/CodeIgniter.php(825): App\Controllers\Report->get_report()
#3 /Applications/MAMP/htdocs/zlatar_finance/codeigniter/system/CodeIgniter.php(412): CodeIgniter\CodeIgniter->runController(Object(App\Controllers\Report))
#4 /Applications/MAMP/htdocs/zlatar_finance/codeigniter/system/CodeIgniter.php(320): CodeIgniter\CodeIgniter->handleRequest(NULL, Object(Config\Cache), false)
#5 /Applications/MAMP/htdocs/zlatar_finance/index.php(37): CodeIgniter\CodeIgniter->run()
#6 {main}
CRITICAL - 2022-08-28 14:50:57 --> Object of class CodeIgniter\Database\MySQLi\Result could not be converted to string
#0 /Applications/MAMP/htdocs/zlatar_finance/codeigniter/app/Controllers/Report.php(41): App\Models\FinanceModel->get_reportMain(Object(DateTime), Object(DateTime))
#1 /Applications/MAMP/htdocs/zlatar_finance/codeigniter/system/CodeIgniter.php(825): App\Controllers\Report->get_report()
#2 /Applications/MAMP/htdocs/zlatar_finance/codeigniter/system/CodeIgniter.php(412): CodeIgniter\CodeIgniter->runController(Object(App\Controllers\Report))
#3 /Applications/MAMP/htdocs/zlatar_finance/codeigniter/system/CodeIgniter.php(320): CodeIgniter\CodeIgniter->handleRequest(NULL, Object(Config\Cache), false)
#4 /Applications/MAMP/htdocs/zlatar_finance/index.php(37): CodeIgniter\CodeIgniter->run()
#5 {main}
CRITICAL - 2022-08-28 14:52:10 --> Call to undefined method CodeIgniter\Database\MySQLi\Result::getOriginalQuery()
#0 /Applications/MAMP/htdocs/zlatar_finance/codeigniter/app/Controllers/Report.php(41): App\Models\FinanceModel->get_reportMain(Object(DateTime), Object(DateTime))
#1 /Applications/MAMP/htdocs/zlatar_finance/codeigniter/system/CodeIgniter.php(825): App\Controllers\Report->get_report()
#2 /Applications/MAMP/htdocs/zlatar_finance/codeigniter/system/CodeIgniter.php(412): CodeIgniter\CodeIgniter->runController(Object(App\Controllers\Report))
#3 /Applications/MAMP/htdocs/zlatar_finance/codeigniter/system/CodeIgniter.php(320): CodeIgniter\CodeIgniter->handleRequest(NULL, Object(Config\Cache), false)
#4 /Applications/MAMP/htdocs/zlatar_finance/index.php(37): CodeIgniter\CodeIgniter->run()
#5 {main}
CRITICAL - 2022-08-28 14:53:16 --> Undefined variable: db
#0 /Applications/MAMP/htdocs/zlatar_finance/codeigniter/app/Models/FinanceModel.php(613): CodeIgniter\Debug\Exceptions->errorHandler(8, 'Undefined varia...', '/Applications/M...', 613, Array)
#1 /Applications/MAMP/htdocs/zlatar_finance/codeigniter/app/Controllers/Report.php(41): App\Models\FinanceModel->get_reportMain(Object(DateTime), Object(DateTime))
#2 /Applications/MAMP/htdocs/zlatar_finance/codeigniter/system/CodeIgniter.php(825): App\Controllers\Report->get_report()
#3 /Applications/MAMP/htdocs/zlatar_finance/codeigniter/system/CodeIgniter.php(412): CodeIgniter\CodeIgniter->runController(Object(App\Controllers\Report))
#4 /Applications/MAMP/htdocs/zlatar_finance/codeigniter/system/CodeIgniter.php(320): CodeIgniter\CodeIgniter->handleRequest(NULL, Object(Config\Cache), false)
#5 /Applications/MAMP/htdocs/zlatar_finance/index.php(37): CodeIgniter\CodeIgniter->run()
#6 {main}
CRITICAL - 2022-08-28 14:53:39 --> Undefined variable: db
#0 /Applications/MAMP/htdocs/zlatar_finance/codeigniter/app/Models/FinanceModel.php(613): CodeIgniter\Debug\Exceptions->errorHandler(8, 'Undefined varia...', '/Applications/M...', 613, Array)
#1 /Applications/MAMP/htdocs/zlatar_finance/codeigniter/app/Controllers/Report.php(41): App\Models\FinanceModel->get_reportMain(Object(DateTime), Object(DateTime))
#2 /Applications/MAMP/htdocs/zlatar_finance/codeigniter/system/CodeIgniter.php(825): App\Controllers\Report->get_report()
#3 /Applications/MAMP/htdocs/zlatar_finance/codeigniter/system/CodeIgniter.php(412): CodeIgniter\CodeIgniter->runController(Object(App\Controllers\Report))
#4 /Applications/MAMP/htdocs/zlatar_finance/codeigniter/system/CodeIgniter.php(320): CodeIgniter\CodeIgniter->handleRequest(NULL, Object(Config\Cache), false)
#5 /Applications/MAMP/htdocs/zlatar_finance/index.php(37): CodeIgniter\CodeIgniter->run()
#6 {main}
CRITICAL - 2022-08-28 15:08:08 --> Undefined index: role
#0 /Applications/MAMP/htdocs/zlatar_finance/codeigniter/app/Controllers/Report.php(24): CodeIgniter\Debug\Exceptions->errorHandler(8, 'Undefined index...', '/Applications/M...', 24, Array)
#1 /Applications/MAMP/htdocs/zlatar_finance/codeigniter/system/CodeIgniter.php(825): App\Controllers\Report->index()
#2 /Applications/MAMP/htdocs/zlatar_finance/codeigniter/system/CodeIgniter.php(412): CodeIgniter\CodeIgniter->runController(Object(App\Controllers\Report))
#3 /Applications/MAMP/htdocs/zlatar_finance/codeigniter/system/CodeIgniter.php(320): CodeIgniter\CodeIgniter->handleRequest(NULL, Object(Config\Cache), false)
#4 /Applications/MAMP/htdocs/zlatar_finance/index.php(37): CodeIgniter\CodeIgniter->run()
#5 {main}
CRITICAL - 2022-08-28 15:08:08 --> Undefined index: role
#0 /Applications/MAMP/htdocs/zlatar_finance/codeigniter/app/Controllers/Report.php(24): CodeIgniter\Debug\Exceptions->errorHandler(8, 'Undefined index...', '/Applications/M...', 24, Array)
#1 /Applications/MAMP/htdocs/zlatar_finance/codeigniter/system/CodeIgniter.php(825): App\Controllers\Report->index()
#2 /Applications/MAMP/htdocs/zlatar_finance/codeigniter/system/CodeIgniter.php(412): CodeIgniter\CodeIgniter->runController(Object(App\Controllers\Report))
#3 /Applications/MAMP/htdocs/zlatar_finance/codeigniter/system/CodeIgniter.php(320): CodeIgniter\CodeIgniter->handleRequest(NULL, Object(Config\Cache), false)
#4 /Applications/MAMP/htdocs/zlatar_finance/index.php(37): CodeIgniter\CodeIgniter->run()
#5 {main}
CRITICAL - 2022-08-28 15:10:29 --> syntax error, unexpected 'ru' (T_STRING)
#0 /Applications/MAMP/htdocs/zlatar_finance/codeigniter/system/Autoloader/Autoloader.php(241): CodeIgniter\Autoloader\Autoloader->includeFile('/Applications/M...')
#1 /Applications/MAMP/htdocs/zlatar_finance/codeigniter/system/Autoloader/Autoloader.php(219): CodeIgniter\Autoloader\Autoloader->loadInNamespace('App\\Models\\Fina...')
#2 [internal function]: CodeIgniter\Autoloader\Autoloader->loadClass('App\\Models\\Fina...')
#3 /Applications/MAMP/htdocs/zlatar_finance/codeigniter/app/Controllers/Report.php(33): spl_autoload_call('App\\Models\\Fina...')
#4 /Applications/MAMP/htdocs/zlatar_finance/codeigniter/system/CodeIgniter.php(825): App\Controllers\Report->get_report()
#5 /Applications/MAMP/htdocs/zlatar_finance/codeigniter/system/CodeIgniter.php(412): CodeIgniter\CodeIgniter->runController(Object(App\Controllers\Report))
#6 /Applications/MAMP/htdocs/zlatar_finance/codeigniter/system/CodeIgniter.php(320): CodeIgniter\CodeIgniter->handleRequest(NULL, Object(Config\Cache), false)
#7 /Applications/MAMP/htdocs/zlatar_finance/index.php(37): CodeIgniter\CodeIgniter->run()
#8 {main}
CRITICAL - 2022-08-28 15:10:58 --> syntax error, unexpected 'ru_RU' (T_STRING)
#0 /Applications/MAMP/htdocs/zlatar_finance/codeigniter/system/Autoloader/Autoloader.php(241): CodeIgniter\Autoloader\Autoloader->includeFile('/Applications/M...')
#1 /Applications/MAMP/htdocs/zlatar_finance/codeigniter/system/Autoloader/Autoloader.php(219): CodeIgniter\Autoloader\Autoloader->loadInNamespace('App\\Models\\Fina...')
#2 [internal function]: CodeIgniter\Autoloader\Autoloader->loadClass('App\\Models\\Fina...')
#3 /Applications/MAMP/htdocs/zlatar_finance/codeigniter/app/Controllers/Report.php(33): spl_autoload_call('App\\Models\\Fina...')
#4 /Applications/MAMP/htdocs/zlatar_finance/codeigniter/system/CodeIgniter.php(825): App\Controllers\Report->get_report()
#5 /Applications/MAMP/htdocs/zlatar_finance/codeigniter/system/CodeIgniter.php(412): CodeIgniter\CodeIgniter->runController(Object(App\Controllers\Report))
#6 /Applications/MAMP/htdocs/zlatar_finance/codeigniter/system/CodeIgniter.php(320): CodeIgniter\CodeIgniter->handleRequest(NULL, Object(Config\Cache), false)
#7 /Applications/MAMP/htdocs/zlatar_finance/index.php(37): CodeIgniter\CodeIgniter->run()
#8 {main}
CRITICAL - 2022-08-28 15:11:55 --> syntax error, unexpected 'RU' (T_STRING)
#0 /Applications/MAMP/htdocs/zlatar_finance/codeigniter/system/Autoloader/Autoloader.php(241): CodeIgniter\Autoloader\Autoloader->includeFile('/Applications/M...')
#1 /Applications/MAMP/htdocs/zlatar_finance/codeigniter/system/Autoloader/Autoloader.php(219): CodeIgniter\Autoloader\Autoloader->loadInNamespace('App\\Models\\Fina...')
#2 [internal function]: CodeIgniter\Autoloader\Autoloader->loadClass('App\\Models\\Fina...')
#3 /Applications/MAMP/htdocs/zlatar_finance/codeigniter/app/Controllers/Report.php(33): spl_autoload_call('App\\Models\\Fina...')
#4 /Applications/MAMP/htdocs/zlatar_finance/codeigniter/system/CodeIgniter.php(825): App\Controllers\Report->get_report()
#5 /Applications/MAMP/htdocs/zlatar_finance/codeigniter/system/CodeIgniter.php(412): CodeIgniter\CodeIgniter->runController(Object(App\Controllers\Report))
#6 /Applications/MAMP/htdocs/zlatar_finance/codeigniter/system/CodeIgniter.php(320): CodeIgniter\CodeIgniter->handleRequest(NULL, Object(Config\Cache), false)
#7 /Applications/MAMP/htdocs/zlatar_finance/index.php(37): CodeIgniter\CodeIgniter->run()
#8 {main}
CRITICAL - 2022-08-28 15:12:18 --> syntax error, unexpected 'ru_RU' (T_STRING)
#0 /Applications/MAMP/htdocs/zlatar_finance/codeigniter/system/Autoloader/Autoloader.php(241): CodeIgniter\Autoloader\Autoloader->includeFile('/Applications/M...')
#1 /Applications/MAMP/htdocs/zlatar_finance/codeigniter/system/Autoloader/Autoloader.php(219): CodeIgniter\Autoloader\Autoloader->loadInNamespace('App\\Models\\Fina...')
#2 [internal function]: CodeIgniter\Autoloader\Autoloader->loadClass('App\\Models\\Fina...')
#3 /Applications/MAMP/htdocs/zlatar_finance/codeigniter/app/Controllers/Report.php(33): spl_autoload_call('App\\Models\\Fina...')
#4 /Applications/MAMP/htdocs/zlatar_finance/codeigniter/system/CodeIgniter.php(825): App\Controllers\Report->get_report()
#5 /Applications/MAMP/htdocs/zlatar_finance/codeigniter/system/CodeIgniter.php(412): CodeIgniter\CodeIgniter->runController(Object(App\Controllers\Report))
#6 /Applications/MAMP/htdocs/zlatar_finance/codeigniter/system/CodeIgniter.php(320): CodeIgniter\CodeIgniter->handleRequest(NULL, Object(Config\Cache), false)
#7 /Applications/MAMP/htdocs/zlatar_finance/index.php(37): CodeIgniter\CodeIgniter->run()
#8 {main}
CRITICAL - 2022-08-28 15:16:40 --> syntax error, unexpected 'echo' (T_ECHO)
#0 /Applications/MAMP/htdocs/zlatar_finance/codeigniter/system/Router/Router.php(175): CodeIgniter\Router\Router->autoRoute('report')
#1 /Applications/MAMP/htdocs/zlatar_finance/codeigniter/system/CodeIgniter.php(719): CodeIgniter\Router\Router->handle('report')
#2 /Applications/MAMP/htdocs/zlatar_finance/codeigniter/system/CodeIgniter.php(361): CodeIgniter\CodeIgniter->tryToRouteIt(Object(CodeIgniter\Router\RouteCollection))
#3 /Applications/MAMP/htdocs/zlatar_finance/codeigniter/system/CodeIgniter.php(320): CodeIgniter\CodeIgniter->handleRequest(NULL, Object(Config\Cache), false)
#4 /Applications/MAMP/htdocs/zlatar_finance/index.php(37): CodeIgniter\CodeIgniter->run()
#5 {main}
CRITICAL - 2022-08-28 15:17:02 --> syntax error, unexpected 'echo' (T_ECHO)
#0 /Applications/MAMP/htdocs/zlatar_finance/codeigniter/system/Router/Router.php(175): CodeIgniter\Router\Router->autoRoute('report')
#1 /Applications/MAMP/htdocs/zlatar_finance/codeigniter/system/CodeIgniter.php(719): CodeIgniter\Router\Router->handle('report')
#2 /Applications/MAMP/htdocs/zlatar_finance/codeigniter/system/CodeIgniter.php(361): CodeIgniter\CodeIgniter->tryToRouteIt(Object(CodeIgniter\Router\RouteCollection))
#3 /Applications/MAMP/htdocs/zlatar_finance/codeigniter/system/CodeIgniter.php(320): CodeIgniter\CodeIgniter->handleRequest(NULL, Object(Config\Cache), false)
#4 /Applications/MAMP/htdocs/zlatar_finance/index.php(37): CodeIgniter\CodeIgniter->run()
#5 {main}
