CRITICAL - 2022-04-06 14:03:49 --> syntax error, unexpected 'if' (T_IF), expecting function (T_FUNCTION) or const (T_CONST)
#0 /Applications/MAMP/htdocs/zlatar_finance/codeigniter/system/Autoloader/Autoloader.php(241): CodeIgniter\Autoloader\Autoloader->includeFile('/Applications/M...')
#1 /Applications/MAMP/htdocs/zlatar_finance/codeigniter/system/Autoloader/Autoloader.php(219): CodeIgniter\Autoloader\Autoloader->loadInNamespace('App\\Models\\Fina...')
#2 [internal function]: CodeIgniter\Autoloader\Autoloader->loadClass('App\\Models\\Fina...')
#3 /Applications/MAMP/htdocs/zlatar_finance/codeigniter/app/Controllers/Dashboard.php(15): spl_autoload_call('App\\Models\\Fina...')
#4 /Applications/MAMP/htdocs/zlatar_finance/codeigniter/system/CodeIgniter.php(825): App\Controllers\Dashboard->index()
#5 /Applications/MAMP/htdocs/zlatar_finance/codeigniter/system/CodeIgniter.php(412): CodeIgniter\CodeIgniter->runController(Object(App\Controllers\Dashboard))
#6 /Applications/MAMP/htdocs/zlatar_finance/codeigniter/system/CodeIgniter.php(320): CodeIgniter\CodeIgniter->handleRequest(NULL, Object(Config\Cache), false)
#7 /Applications/MAMP/htdocs/zlatar_finance/index.php(37): CodeIgniter\CodeIgniter->run()
#8 {main}
ERROR - 2022-04-06 14:34:42 --> Unknown column 'agreement' in 'field list'
CRITICAL - 2022-04-06 14:34:42 --> Unknown column 'agreement' in 'field list'
#0 /Applications/MAMP/htdocs/zlatar_finance/codeigniter/system/Database/MySQLi/Connection.php(292): mysqli->query('INSERT INTO `re...', 0)
#1 /Applications/MAMP/htdocs/zlatar_finance/codeigniter/system/Database/BaseConnection.php(670): CodeIgniter\Database\MySQLi\Connection->execute('INSERT INTO `re...')
#2 /Applications/MAMP/htdocs/zlatar_finance/codeigniter/system/Database/BaseConnection.php(598): CodeIgniter\Database\BaseConnection->simpleQuery('INSERT INTO `re...')
#3 /Applications/MAMP/htdocs/zlatar_finance/codeigniter/system/Database/BaseBuilder.php(1771): CodeIgniter\Database\BaseConnection->query('INSERT INTO `re...', Array, false)
#4 /Applications/MAMP/htdocs/zlatar_finance/codeigniter/app/Models/FinanceModel.php(196): CodeIgniter\Database\BaseBuilder->insert(Array)
#5 /Applications/MAMP/htdocs/zlatar_finance/codeigniter/app/Controllers/Dashboard.php(248): App\Models\FinanceModel->save_item('receipt', Array)
#6 /Applications/MAMP/htdocs/zlatar_finance/codeigniter/system/CodeIgniter.php(825): App\Controllers\Dashboard->save_item()
#7 /Applications/MAMP/htdocs/zlatar_finance/codeigniter/system/CodeIgniter.php(412): CodeIgniter\CodeIgniter->runController(Object(App\Controllers\Dashboard))
#8 /Applications/MAMP/htdocs/zlatar_finance/codeigniter/system/CodeIgniter.php(320): CodeIgniter\CodeIgniter->handleRequest(NULL, Object(Config\Cache), false)
#9 /Applications/MAMP/htdocs/zlatar_finance/index.php(37): CodeIgniter\CodeIgniter->run()
#10 {main}
CRITICAL - 2022-04-06 15:04:26 --> syntax error, unexpected 'elseif' (T_ELSEIF)
#0 /Applications/MAMP/htdocs/zlatar_finance/codeigniter/system/View/View.php(213): CodeIgniter\View\View->CodeIgniter\View\{closure}()
#1 /Applications/MAMP/htdocs/zlatar_finance/codeigniter/system/Common.php(1089): CodeIgniter\View\View->render('dashboard/sub/e...', Array, true)
#2 /Applications/MAMP/htdocs/zlatar_finance/codeigniter/app/Views/dashboard/sub/account_title.php(15): view('dashboard/sub/e...', Array)
#3 /Applications/MAMP/htdocs/zlatar_finance/codeigniter/system/View/View.php(210): include('/Applications/M...')
#4 /Applications/MAMP/htdocs/zlatar_finance/codeigniter/system/View/View.php(213): CodeIgniter\View\View->CodeIgniter\View\{closure}()
#5 /Applications/MAMP/htdocs/zlatar_finance/codeigniter/system/Common.php(1089): CodeIgniter\View\View->render('dashboard/sub/a...', Array, true)
#6 /Applications/MAMP/htdocs/zlatar_finance/codeigniter/app/Views/dashboard/finance_report.php(75): view('dashboard/sub/a...', Array)
#7 /Applications/MAMP/htdocs/zlatar_finance/codeigniter/system/View/View.php(210): include('/Applications/M...')
#8 /Applications/MAMP/htdocs/zlatar_finance/codeigniter/system/View/View.php(213): CodeIgniter\View\View->CodeIgniter\View\{closure}()
#9 /Applications/MAMP/htdocs/zlatar_finance/codeigniter/system/Common.php(1089): CodeIgniter\View\View->render('dashboard/finan...', Array, true)
#10 /Applications/MAMP/htdocs/zlatar_finance/codeigniter/app/Controllers/Dashboard.php(35): view('dashboard/finan...', Array)
#11 /Applications/MAMP/htdocs/zlatar_finance/codeigniter/system/CodeIgniter.php(825): App\Controllers\Dashboard->index()
#12 /Applications/MAMP/htdocs/zlatar_finance/codeigniter/system/CodeIgniter.php(412): CodeIgniter\CodeIgniter->runController(Object(App\Controllers\Dashboard))
#13 /Applications/MAMP/htdocs/zlatar_finance/codeigniter/system/CodeIgniter.php(320): CodeIgniter\CodeIgniter->handleRequest(NULL, Object(Config\Cache), false)
#14 /Applications/MAMP/htdocs/zlatar_finance/index.php(37): CodeIgniter\CodeIgniter->run()
#15 {main}
