CRITICAL - 2022-02-26 14:30:16 --> Call to undefined method App\Models\FinanceModel::get_all_recipt_items
#0 /Applications/MAMP/htdocs/zlatar_finance/app/Controllers/Dashboard.php(38): CodeIgniter\Model->__call('get_all_recipt_...', Array)
#1 /Applications/MAMP/htdocs/zlatar_finance/system/CodeIgniter.php(825): App\Controllers\Dashboard->get_receipt_items()
#2 /Applications/MAMP/htdocs/zlatar_finance/system/CodeIgniter.php(412): CodeIgniter\CodeIgniter->runController(Object(App\Controllers\Dashboard))
#3 /Applications/MAMP/htdocs/zlatar_finance/system/CodeIgniter.php(320): CodeIgniter\CodeIgniter->handleRequest(NULL, Object(Config\Cache), false)
#4 /Applications/MAMP/htdocs/zlatar_finance/public/index.php(37): CodeIgniter\CodeIgniter->run()
#5 {main}
CRITICAL - 2022-02-26 14:30:20 --> Undefined index: item_type
#0 /Applications/MAMP/htdocs/zlatar_finance/app/Controllers/Dashboard.php(65): CodeIgniter\Debug\Exceptions->errorHandler(8, 'Undefined index...', '/Applications/M...', 65, Array)
#1 /Applications/MAMP/htdocs/zlatar_finance/system/CodeIgniter.php(825): App\Controllers\Dashboard->get_agreements()
#2 /Applications/MAMP/htdocs/zlatar_finance/system/CodeIgniter.php(412): CodeIgniter\CodeIgniter->runController(Object(App\Controllers\Dashboard))
#3 /Applications/MAMP/htdocs/zlatar_finance/system/CodeIgniter.php(320): CodeIgniter\CodeIgniter->handleRequest(NULL, Object(Config\Cache), false)
#4 /Applications/MAMP/htdocs/zlatar_finance/public/index.php(37): CodeIgniter\CodeIgniter->run()
#5 {main}
CRITICAL - 2022-02-26 14:31:01 --> Call to undefined method App\Models\FinanceModel::get_all_recipt_items
#0 /Applications/MAMP/htdocs/zlatar_finance/app/Controllers/Dashboard.php(38): CodeIgniter\Model->__call('get_all_recipt_...', Array)
#1 /Applications/MAMP/htdocs/zlatar_finance/system/CodeIgniter.php(825): App\Controllers\Dashboard->get_receipt_items()
#2 /Applications/MAMP/htdocs/zlatar_finance/system/CodeIgniter.php(412): CodeIgniter\CodeIgniter->runController(Object(App\Controllers\Dashboard))
#3 /Applications/MAMP/htdocs/zlatar_finance/system/CodeIgniter.php(320): CodeIgniter\CodeIgniter->handleRequest(NULL, Object(Config\Cache), false)
#4 /Applications/MAMP/htdocs/zlatar_finance/public/index.php(37): CodeIgniter\CodeIgniter->run()
#5 {main}
CRITICAL - 2022-02-26 14:38:35 --> Undefined variable: show_item_modal
#0 /Applications/MAMP/htdocs/zlatar_finance/app/Views/dashboard/finance_report.php(87): CodeIgniter\Debug\Exceptions->errorHandler(8, 'Undefined varia...', '/Applications/M...', 87, Array)
#1 /Applications/MAMP/htdocs/zlatar_finance/system/View/View.php(210): include('/Applications/M...')
#2 /Applications/MAMP/htdocs/zlatar_finance/system/View/View.php(213): CodeIgniter\View\View->CodeIgniter\View\{closure}()
#3 /Applications/MAMP/htdocs/zlatar_finance/system/Common.php(1089): CodeIgniter\View\View->render('dashboard/finan...', Array, true)
#4 /Applications/MAMP/htdocs/zlatar_finance/app/Controllers/Dashboard.php(32): view('dashboard/finan...', Array)
#5 /Applications/MAMP/htdocs/zlatar_finance/system/CodeIgniter.php(825): App\Controllers\Dashboard->index()
#6 /Applications/MAMP/htdocs/zlatar_finance/system/CodeIgniter.php(412): CodeIgniter\CodeIgniter->runController(Object(App\Controllers\Dashboard))
#7 /Applications/MAMP/htdocs/zlatar_finance/system/CodeIgniter.php(320): CodeIgniter\CodeIgniter->handleRequest(NULL, Object(Config\Cache), false)
#8 /Applications/MAMP/htdocs/zlatar_finance/public/index.php(37): CodeIgniter\CodeIgniter->run()
#9 {main}
CRITICAL - 2022-02-26 14:54:22 --> Undefined index: item_type
#0 /Applications/MAMP/htdocs/zlatar_finance/app/Controllers/Dashboard.php(65): CodeIgniter\Debug\Exceptions->errorHandler(8, 'Undefined index...', '/Applications/M...', 65, Array)
#1 /Applications/MAMP/htdocs/zlatar_finance/system/CodeIgniter.php(825): App\Controllers\Dashboard->get_agreements()
#2 /Applications/MAMP/htdocs/zlatar_finance/system/CodeIgniter.php(412): CodeIgniter\CodeIgniter->runController(Object(App\Controllers\Dashboard))
#3 /Applications/MAMP/htdocs/zlatar_finance/system/CodeIgniter.php(320): CodeIgniter\CodeIgniter->handleRequest(NULL, Object(Config\Cache), false)
#4 /Applications/MAMP/htdocs/zlatar_finance/public/index.php(37): CodeIgniter\CodeIgniter->run()
#5 {main}
CRITICAL - 2022-02-26 15:16:30 --> syntax error, unexpected '}'
#0 /Applications/MAMP/htdocs/zlatar_finance/system/View/View.php(213): CodeIgniter\View\View->CodeIgniter\View\{closure}()
#1 /Applications/MAMP/htdocs/zlatar_finance/system/Common.php(1089): CodeIgniter\View\View->render('partials/_foote...', Array, true)
#2 /Applications/MAMP/htdocs/zlatar_finance/app/Controllers/Dashboard.php(33): view('partials/_foote...', Array)
#3 /Applications/MAMP/htdocs/zlatar_finance/system/CodeIgniter.php(825): App\Controllers\Dashboard->index()
#4 /Applications/MAMP/htdocs/zlatar_finance/system/CodeIgniter.php(412): CodeIgniter\CodeIgniter->runController(Object(App\Controllers\Dashboard))
#5 /Applications/MAMP/htdocs/zlatar_finance/system/CodeIgniter.php(320): CodeIgniter\CodeIgniter->handleRequest(NULL, Object(Config\Cache), false)
#6 /Applications/MAMP/htdocs/zlatar_finance/public/index.php(37): CodeIgniter\CodeIgniter->run()
#7 {main}
CRITICAL - 2022-02-26 15:16:47 --> Undefined variable: items
#0 /Applications/MAMP/htdocs/zlatar_finance/app/Views/partials/_footer.php(54): CodeIgniter\Debug\Exceptions->errorHandler(8, 'Undefined varia...', '/Applications/M...', 54, Array)
#1 /Applications/MAMP/htdocs/zlatar_finance/system/View/View.php(210): include('/Applications/M...')
#2 /Applications/MAMP/htdocs/zlatar_finance/system/View/View.php(213): CodeIgniter\View\View->CodeIgniter\View\{closure}()
#3 /Applications/MAMP/htdocs/zlatar_finance/system/Common.php(1089): CodeIgniter\View\View->render('partials/_foote...', Array, true)
#4 /Applications/MAMP/htdocs/zlatar_finance/app/Controllers/Dashboard.php(33): view('partials/_foote...', Array)
#5 /Applications/MAMP/htdocs/zlatar_finance/system/CodeIgniter.php(825): App\Controllers\Dashboard->index()
#6 /Applications/MAMP/htdocs/zlatar_finance/system/CodeIgniter.php(412): CodeIgniter\CodeIgniter->runController(Object(App\Controllers\Dashboard))
#7 /Applications/MAMP/htdocs/zlatar_finance/system/CodeIgniter.php(320): CodeIgniter\CodeIgniter->handleRequest(NULL, Object(Config\Cache), false)
#8 /Applications/MAMP/htdocs/zlatar_finance/public/index.php(37): CodeIgniter\CodeIgniter->run()
#9 {main}
CRITICAL - 2022-02-26 15:17:45 --> Undefined variable: items
#0 /Applications/MAMP/htdocs/zlatar_finance/app/Views/partials/_footer.php(55): CodeIgniter\Debug\Exceptions->errorHandler(8, 'Undefined varia...', '/Applications/M...', 55, Array)
#1 /Applications/MAMP/htdocs/zlatar_finance/system/View/View.php(210): include('/Applications/M...')
#2 /Applications/MAMP/htdocs/zlatar_finance/system/View/View.php(213): CodeIgniter\View\View->CodeIgniter\View\{closure}()
#3 /Applications/MAMP/htdocs/zlatar_finance/system/Common.php(1089): CodeIgniter\View\View->render('partials/_foote...', Array, true)
#4 /Applications/MAMP/htdocs/zlatar_finance/app/Controllers/Dashboard.php(33): view('partials/_foote...', Array)
#5 /Applications/MAMP/htdocs/zlatar_finance/system/CodeIgniter.php(825): App\Controllers\Dashboard->index()
#6 /Applications/MAMP/htdocs/zlatar_finance/system/CodeIgniter.php(412): CodeIgniter\CodeIgniter->runController(Object(App\Controllers\Dashboard))
#7 /Applications/MAMP/htdocs/zlatar_finance/system/CodeIgniter.php(320): CodeIgniter\CodeIgniter->handleRequest(NULL, Object(Config\Cache), false)
#8 /Applications/MAMP/htdocs/zlatar_finance/public/index.php(37): CodeIgniter\CodeIgniter->run()
#9 {main}
CRITICAL - 2022-02-26 15:19:00 --> Undefined index: need_employee
#0 /Applications/MAMP/htdocs/zlatar_finance/app/Views/partials/_footer.php(60): CodeIgniter\Debug\Exceptions->errorHandler(8, 'Undefined index...', '/Applications/M...', 60, Array)
#1 /Applications/MAMP/htdocs/zlatar_finance/system/View/View.php(210): include('/Applications/M...')
#2 /Applications/MAMP/htdocs/zlatar_finance/system/View/View.php(213): CodeIgniter\View\View->CodeIgniter\View\{closure}()
#3 /Applications/MAMP/htdocs/zlatar_finance/system/Common.php(1089): CodeIgniter\View\View->render('partials/_foote...', Array, true)
#4 /Applications/MAMP/htdocs/zlatar_finance/app/Controllers/Dashboard.php(167): view('partials/_foote...')
#5 /Applications/MAMP/htdocs/zlatar_finance/system/CodeIgniter.php(825): App\Controllers\Dashboard->save_item()
#6 /Applications/MAMP/htdocs/zlatar_finance/system/CodeIgniter.php(412): CodeIgniter\CodeIgniter->runController(Object(App\Controllers\Dashboard))
#7 /Applications/MAMP/htdocs/zlatar_finance/system/CodeIgniter.php(320): CodeIgniter\CodeIgniter->handleRequest(NULL, Object(Config\Cache), false)
#8 /Applications/MAMP/htdocs/zlatar_finance/public/index.php(37): CodeIgniter\CodeIgniter->run()
#9 {main}
CRITICAL - 2022-02-26 15:22:46 --> Undefined index: need_employee
#0 /Applications/MAMP/htdocs/zlatar_finance/app/Views/partials/_footer.php(58): CodeIgniter\Debug\Exceptions->errorHandler(8, 'Undefined index...', '/Applications/M...', 58, Array)
#1 /Applications/MAMP/htdocs/zlatar_finance/system/View/View.php(210): include('/Applications/M...')
#2 /Applications/MAMP/htdocs/zlatar_finance/system/View/View.php(213): CodeIgniter\View\View->CodeIgniter\View\{closure}()
#3 /Applications/MAMP/htdocs/zlatar_finance/system/Common.php(1089): CodeIgniter\View\View->render('partials/_foote...', Array, true)
#4 /Applications/MAMP/htdocs/zlatar_finance/app/Controllers/Dashboard.php(167): view('partials/_foote...')
#5 /Applications/MAMP/htdocs/zlatar_finance/system/CodeIgniter.php(825): App\Controllers\Dashboard->save_item()
#6 /Applications/MAMP/htdocs/zlatar_finance/system/CodeIgniter.php(412): CodeIgniter\CodeIgniter->runController(Object(App\Controllers\Dashboard))
#7 /Applications/MAMP/htdocs/zlatar_finance/system/CodeIgniter.php(320): CodeIgniter\CodeIgniter->handleRequest(NULL, Object(Config\Cache), false)
#8 /Applications/MAMP/htdocs/zlatar_finance/public/index.php(37): CodeIgniter\CodeIgniter->run()
#9 {main}
CRITICAL - 2022-02-26 15:23:27 --> Undefined variable: items
#0 /Applications/MAMP/htdocs/zlatar_finance/app/Views/partials/_footer.php(55): CodeIgniter\Debug\Exceptions->errorHandler(8, 'Undefined varia...', '/Applications/M...', 55, Array)
#1 /Applications/MAMP/htdocs/zlatar_finance/system/View/View.php(210): include('/Applications/M...')
#2 /Applications/MAMP/htdocs/zlatar_finance/system/View/View.php(213): CodeIgniter\View\View->CodeIgniter\View\{closure}()
#3 /Applications/MAMP/htdocs/zlatar_finance/system/Common.php(1089): CodeIgniter\View\View->render('partials/_foote...', Array, true)
#4 /Applications/MAMP/htdocs/zlatar_finance/app/Controllers/Dashboard.php(33): view('partials/_foote...', Array)
#5 /Applications/MAMP/htdocs/zlatar_finance/system/CodeIgniter.php(825): App\Controllers\Dashboard->index()
#6 /Applications/MAMP/htdocs/zlatar_finance/system/CodeIgniter.php(412): CodeIgniter\CodeIgniter->runController(Object(App\Controllers\Dashboard))
#7 /Applications/MAMP/htdocs/zlatar_finance/system/CodeIgniter.php(320): CodeIgniter\CodeIgniter->handleRequest(NULL, Object(Config\Cache), false)
#8 /Applications/MAMP/htdocs/zlatar_finance/public/index.php(37): CodeIgniter\CodeIgniter->run()
#9 {main}
CRITICAL - 2022-02-26 15:23:51 --> Undefined index: need_employee
#0 /Applications/MAMP/htdocs/zlatar_finance/app/Views/partials/_footer.php(60): CodeIgniter\Debug\Exceptions->errorHandler(8, 'Undefined index...', '/Applications/M...', 60, Array)
#1 /Applications/MAMP/htdocs/zlatar_finance/system/View/View.php(210): include('/Applications/M...')
#2 /Applications/MAMP/htdocs/zlatar_finance/system/View/View.php(213): CodeIgniter\View\View->CodeIgniter\View\{closure}()
#3 /Applications/MAMP/htdocs/zlatar_finance/system/Common.php(1089): CodeIgniter\View\View->render('partials/_foote...', Array, true)
#4 /Applications/MAMP/htdocs/zlatar_finance/app/Controllers/Dashboard.php(167): view('partials/_foote...')
#5 /Applications/MAMP/htdocs/zlatar_finance/system/CodeIgniter.php(825): App\Controllers\Dashboard->save_item()
#6 /Applications/MAMP/htdocs/zlatar_finance/system/CodeIgniter.php(412): CodeIgniter\CodeIgniter->runController(Object(App\Controllers\Dashboard))
#7 /Applications/MAMP/htdocs/zlatar_finance/system/CodeIgniter.php(320): CodeIgniter\CodeIgniter->handleRequest(NULL, Object(Config\Cache), false)
#8 /Applications/MAMP/htdocs/zlatar_finance/public/index.php(37): CodeIgniter\CodeIgniter->run()
#9 {main}
CRITICAL - 2022-02-26 15:34:29 --> syntax error, unexpected ''show_item_modal'' (T_CONSTANT_ENCAPSED_STRING), expecting ']'
#0 /Applications/MAMP/htdocs/zlatar_finance/system/Autoloader/Autoloader.php(241): CodeIgniter\Autoloader\Autoloader->includeFile('/Applications/M...')
#1 /Applications/MAMP/htdocs/zlatar_finance/system/Autoloader/Autoloader.php(219): CodeIgniter\Autoloader\Autoloader->loadInNamespace('App\\Controllers...')
#2 [internal function]: CodeIgniter\Autoloader\Autoloader->loadClass('App\\Controllers...')
#3 [internal function]: spl_autoload_call('App\\Controllers...')
#4 /Applications/MAMP/htdocs/zlatar_finance/system/CodeIgniter.php(790): class_exists('\\App\\Controller...', true)
#5 /Applications/MAMP/htdocs/zlatar_finance/system/CodeIgniter.php(399): CodeIgniter\CodeIgniter->startController()
#6 /Applications/MAMP/htdocs/zlatar_finance/system/CodeIgniter.php(320): CodeIgniter\CodeIgniter->handleRequest(NULL, Object(Config\Cache), false)
#7 /Applications/MAMP/htdocs/zlatar_finance/public/index.php(37): CodeIgniter\CodeIgniter->run()
#8 {main}
CRITICAL - 2022-02-26 15:34:49 --> syntax error, unexpected ''show_item_modal'' (T_CONSTANT_ENCAPSED_STRING), expecting ']'
#0 /Applications/MAMP/htdocs/zlatar_finance/system/Autoloader/Autoloader.php(241): CodeIgniter\Autoloader\Autoloader->includeFile('/Applications/M...')
#1 /Applications/MAMP/htdocs/zlatar_finance/system/Autoloader/Autoloader.php(219): CodeIgniter\Autoloader\Autoloader->loadInNamespace('App\\Controllers...')
#2 [internal function]: CodeIgniter\Autoloader\Autoloader->loadClass('App\\Controllers...')
#3 [internal function]: spl_autoload_call('App\\Controllers...')
#4 /Applications/MAMP/htdocs/zlatar_finance/system/CodeIgniter.php(790): class_exists('\\App\\Controller...', true)
#5 /Applications/MAMP/htdocs/zlatar_finance/system/CodeIgniter.php(399): CodeIgniter\CodeIgniter->startController()
#6 /Applications/MAMP/htdocs/zlatar_finance/system/CodeIgniter.php(320): CodeIgniter\CodeIgniter->handleRequest(NULL, Object(Config\Cache), false)
#7 /Applications/MAMP/htdocs/zlatar_finance/public/index.php(37): CodeIgniter\CodeIgniter->run()
#8 {main}
CRITICAL - 2022-02-26 15:35:36 --> Undefined index: agreement_sum
#0 /Applications/MAMP/htdocs/zlatar_finance/app/Views/partials/_footer.php(87): CodeIgniter\Debug\Exceptions->errorHandler(8, 'Undefined index...', '/Applications/M...', 87, Array)
#1 /Applications/MAMP/htdocs/zlatar_finance/system/View/View.php(210): include('/Applications/M...')
#2 /Applications/MAMP/htdocs/zlatar_finance/system/View/View.php(213): CodeIgniter\View\View->CodeIgniter\View\{closure}()
#3 /Applications/MAMP/htdocs/zlatar_finance/system/Common.php(1089): CodeIgniter\View\View->render('partials/_foote...', Array, true)
#4 /Applications/MAMP/htdocs/zlatar_finance/app/Controllers/Dashboard.php(169): view('partials/_foote...')
#5 /Applications/MAMP/htdocs/zlatar_finance/system/CodeIgniter.php(825): App\Controllers\Dashboard->save_item()
#6 /Applications/MAMP/htdocs/zlatar_finance/system/CodeIgniter.php(412): CodeIgniter\CodeIgniter->runController(Object(App\Controllers\Dashboard))
#7 /Applications/MAMP/htdocs/zlatar_finance/system/CodeIgniter.php(320): CodeIgniter\CodeIgniter->handleRequest(NULL, Object(Config\Cache), false)
#8 /Applications/MAMP/htdocs/zlatar_finance/public/index.php(37): CodeIgniter\CodeIgniter->run()
#9 {main}
CRITICAL - 2022-02-26 15:40:34 --> Undefined index: type
#0 /Applications/MAMP/htdocs/zlatar_finance/app/Views/partials/_footer.php(88): CodeIgniter\Debug\Exceptions->errorHandler(8, 'Undefined index...', '/Applications/M...', 88, Array)
#1 /Applications/MAMP/htdocs/zlatar_finance/system/View/View.php(210): include('/Applications/M...')
#2 /Applications/MAMP/htdocs/zlatar_finance/system/View/View.php(213): CodeIgniter\View\View->CodeIgniter\View\{closure}()
#3 /Applications/MAMP/htdocs/zlatar_finance/system/Common.php(1089): CodeIgniter\View\View->render('partials/_foote...', Array, true)
#4 /Applications/MAMP/htdocs/zlatar_finance/app/Controllers/Dashboard.php(169): view('partials/_foote...')
#5 /Applications/MAMP/htdocs/zlatar_finance/system/CodeIgniter.php(825): App\Controllers\Dashboard->save_item()
#6 /Applications/MAMP/htdocs/zlatar_finance/system/CodeIgniter.php(412): CodeIgniter\CodeIgniter->runController(Object(App\Controllers\Dashboard))
#7 /Applications/MAMP/htdocs/zlatar_finance/system/CodeIgniter.php(320): CodeIgniter\CodeIgniter->handleRequest(NULL, Object(Config\Cache), false)
#8 /Applications/MAMP/htdocs/zlatar_finance/public/index.php(37): CodeIgniter\CodeIgniter->run()
#9 {main}
CRITICAL - 2022-02-26 15:42:27 --> Undefined index: agreementName
#0 /Applications/MAMP/htdocs/zlatar_finance/app/Views/partials/_footer.php(89): CodeIgniter\Debug\Exceptions->errorHandler(8, 'Undefined index...', '/Applications/M...', 89, Array)
#1 /Applications/MAMP/htdocs/zlatar_finance/system/View/View.php(210): include('/Applications/M...')
#2 /Applications/MAMP/htdocs/zlatar_finance/system/View/View.php(213): CodeIgniter\View\View->CodeIgniter\View\{closure}()
#3 /Applications/MAMP/htdocs/zlatar_finance/system/Common.php(1089): CodeIgniter\View\View->render('partials/_foote...', Array, true)
#4 /Applications/MAMP/htdocs/zlatar_finance/app/Controllers/Dashboard.php(169): view('partials/_foote...')
#5 /Applications/MAMP/htdocs/zlatar_finance/system/CodeIgniter.php(825): App\Controllers\Dashboard->save_item()
#6 /Applications/MAMP/htdocs/zlatar_finance/system/CodeIgniter.php(412): CodeIgniter\CodeIgniter->runController(Object(App\Controllers\Dashboard))
#7 /Applications/MAMP/htdocs/zlatar_finance/system/CodeIgniter.php(320): CodeIgniter\CodeIgniter->handleRequest(NULL, Object(Config\Cache), false)
#8 /Applications/MAMP/htdocs/zlatar_finance/public/index.php(37): CodeIgniter\CodeIgniter->run()
#9 {main}
CRITICAL - 2022-02-26 15:43:13 --> Undefined index: agreement_num
#0 /Applications/MAMP/htdocs/zlatar_finance/app/Views/partials/_footer.php(89): CodeIgniter\Debug\Exceptions->errorHandler(8, 'Undefined index...', '/Applications/M...', 89, Array)
#1 /Applications/MAMP/htdocs/zlatar_finance/system/View/View.php(210): include('/Applications/M...')
#2 /Applications/MAMP/htdocs/zlatar_finance/system/View/View.php(213): CodeIgniter\View\View->CodeIgniter\View\{closure}()
#3 /Applications/MAMP/htdocs/zlatar_finance/system/Common.php(1089): CodeIgniter\View\View->render('partials/_foote...', Array, true)
#4 /Applications/MAMP/htdocs/zlatar_finance/app/Controllers/Dashboard.php(169): view('partials/_foote...')
#5 /Applications/MAMP/htdocs/zlatar_finance/system/CodeIgniter.php(825): App\Controllers\Dashboard->save_item()
#6 /Applications/MAMP/htdocs/zlatar_finance/system/CodeIgniter.php(412): CodeIgniter\CodeIgniter->runController(Object(App\Controllers\Dashboard))
#7 /Applications/MAMP/htdocs/zlatar_finance/system/CodeIgniter.php(320): CodeIgniter\CodeIgniter->handleRequest(NULL, Object(Config\Cache), false)
#8 /Applications/MAMP/htdocs/zlatar_finance/public/index.php(37): CodeIgniter\CodeIgniter->run()
#9 {main}
CRITICAL - 2022-02-26 15:46:28 --> Undefined variable: old_agreement
#0 /Applications/MAMP/htdocs/zlatar_finance/app/Views/partials/_footer.php(79): CodeIgniter\Debug\Exceptions->errorHandler(8, 'Undefined varia...', '/Applications/M...', 79, Array)
#1 /Applications/MAMP/htdocs/zlatar_finance/system/View/View.php(210): include('/Applications/M...')
#2 /Applications/MAMP/htdocs/zlatar_finance/system/View/View.php(213): CodeIgniter\View\View->CodeIgniter\View\{closure}()
#3 /Applications/MAMP/htdocs/zlatar_finance/system/Common.php(1089): CodeIgniter\View\View->render('partials/_foote...', Array, true)
#4 /Applications/MAMP/htdocs/zlatar_finance/app/Controllers/Dashboard.php(33): view('partials/_foote...', Array)
#5 /Applications/MAMP/htdocs/zlatar_finance/system/CodeIgniter.php(825): App\Controllers\Dashboard->index()
#6 /Applications/MAMP/htdocs/zlatar_finance/system/CodeIgniter.php(412): CodeIgniter\CodeIgniter->runController(Object(App\Controllers\Dashboard))
#7 /Applications/MAMP/htdocs/zlatar_finance/system/CodeIgniter.php(320): CodeIgniter\CodeIgniter->handleRequest(NULL, Object(Config\Cache), false)
#8 /Applications/MAMP/htdocs/zlatar_finance/public/index.php(37): CodeIgniter\CodeIgniter->run()
#9 {main}
