CRITICAL - 2022-02-03 08:04:48 --> Invalid file: welcome_message.php
#0 /Applications/MAMP/htdocs/zlatar_finance/system/View/View.php(198): CodeIgniter\Exceptions\FrameworkException::forInvalidFile('welcome_message...')
#1 /Applications/MAMP/htdocs/zlatar_finance/system/Common.php(1089): CodeIgniter\View\View->render('welcome_message', Array, true)
#2 /Applications/MAMP/htdocs/zlatar_finance/app/Controllers/Home.php(9): view('welcome_message')
#3 /Applications/MAMP/htdocs/zlatar_finance/system/CodeIgniter.php(825): App\Controllers\Home->index()
#4 /Applications/MAMP/htdocs/zlatar_finance/system/CodeIgniter.php(412): CodeIgniter\CodeIgniter->runController(Object(App\Controllers\Home))
#5 /Applications/MAMP/htdocs/zlatar_finance/system/CodeIgniter.php(320): CodeIgniter\CodeIgniter->handleRequest(NULL, Object(Config\Cache), false)
#6 /Applications/MAMP/htdocs/zlatar_finance/public/index.php(37): CodeIgniter\CodeIgniter->run()
#7 {main}
CRITICAL - 2022-02-03 08:06:03 --> Invalid file: welcome_message.php
#0 /Applications/MAMP/htdocs/zlatar_finance/system/View/View.php(198): CodeIgniter\Exceptions\FrameworkException::forInvalidFile('welcome_message...')
#1 /Applications/MAMP/htdocs/zlatar_finance/system/Common.php(1089): CodeIgniter\View\View->render('welcome_message', Array, true)
#2 /Applications/MAMP/htdocs/zlatar_finance/app/Controllers/Home.php(9): view('welcome_message')
#3 /Applications/MAMP/htdocs/zlatar_finance/system/CodeIgniter.php(825): App\Controllers\Home->index()
#4 /Applications/MAMP/htdocs/zlatar_finance/system/CodeIgniter.php(412): CodeIgniter\CodeIgniter->runController(Object(App\Controllers\Home))
#5 /Applications/MAMP/htdocs/zlatar_finance/system/CodeIgniter.php(320): CodeIgniter\CodeIgniter->handleRequest(NULL, Object(Config\Cache), false)
#6 /Applications/MAMP/htdocs/zlatar_finance/public/index.php(37): CodeIgniter\CodeIgniter->run()
#7 {main}
CRITICAL - 2022-02-03 10:51:59 --> syntax error, unexpected '}'
#0 /Applications/MAMP/htdocs/zlatar_finance/system/Router/Router.php(175): CodeIgniter\Router\Router->autoRoute('auth/save')
#1 /Applications/MAMP/htdocs/zlatar_finance/system/CodeIgniter.php(719): CodeIgniter\Router\Router->handle('auth/save')
#2 /Applications/MAMP/htdocs/zlatar_finance/system/CodeIgniter.php(361): CodeIgniter\CodeIgniter->tryToRouteIt(Object(CodeIgniter\Router\RouteCollection))
#3 /Applications/MAMP/htdocs/zlatar_finance/system/CodeIgniter.php(320): CodeIgniter\CodeIgniter->handleRequest(NULL, Object(Config\Cache), false)
#4 /Applications/MAMP/htdocs/zlatar_finance/public/index.php(37): CodeIgniter\CodeIgniter->run()
#5 {main}
CRITICAL - 2022-02-03 10:52:13 --> syntax error, unexpected '}', expecting ';'
#0 /Applications/MAMP/htdocs/zlatar_finance/system/Router/Router.php(175): CodeIgniter\Router\Router->autoRoute('auth/save')
#1 /Applications/MAMP/htdocs/zlatar_finance/system/CodeIgniter.php(719): CodeIgniter\Router\Router->handle('auth/save')
#2 /Applications/MAMP/htdocs/zlatar_finance/system/CodeIgniter.php(361): CodeIgniter\CodeIgniter->tryToRouteIt(Object(CodeIgniter\Router\RouteCollection))
#3 /Applications/MAMP/htdocs/zlatar_finance/system/CodeIgniter.php(320): CodeIgniter\CodeIgniter->handleRequest(NULL, Object(Config\Cache), false)
#4 /Applications/MAMP/htdocs/zlatar_finance/public/index.php(37): CodeIgniter\CodeIgniter->run()
#5 {main}
CRITICAL - 2022-02-03 10:52:28 --> syntax error, unexpected '}', expecting ';' or ','
#0 /Applications/MAMP/htdocs/zlatar_finance/system/Autoloader/Autoloader.php(241): CodeIgniter\Autoloader\Autoloader->includeFile('/Applications/M...')
#1 /Applications/MAMP/htdocs/zlatar_finance/system/Autoloader/Autoloader.php(219): CodeIgniter\Autoloader\Autoloader->loadInNamespace('App\\Models\\User...')
#2 [internal function]: CodeIgniter\Autoloader\Autoloader->loadClass('App\\Models\\User...')
#3 /Applications/MAMP/htdocs/zlatar_finance/app/Controllers/Auth.php(68): spl_autoload_call('App\\Models\\User...')
#4 /Applications/MAMP/htdocs/zlatar_finance/system/CodeIgniter.php(825): App\Controllers\Auth->save()
#5 /Applications/MAMP/htdocs/zlatar_finance/system/CodeIgniter.php(412): CodeIgniter\CodeIgniter->runController(Object(App\Controllers\Auth))
#6 /Applications/MAMP/htdocs/zlatar_finance/system/CodeIgniter.php(320): CodeIgniter\CodeIgniter->handleRequest(NULL, Object(Config\Cache), false)
#7 /Applications/MAMP/htdocs/zlatar_finance/public/index.php(37): CodeIgniter\CodeIgniter->run()
#8 {main}
CRITICAL - 2022-02-03 10:52:48 --> Allowed fields must be specified for model: App\Models\UsersModel
#0 /Applications/MAMP/htdocs/zlatar_finance/system/BaseModel.php(1138): CodeIgniter\Database\Exceptions\DataException::forInvalidAllowedFields('App\\Models\\User...')
#1 /Applications/MAMP/htdocs/zlatar_finance/system/BaseModel.php(713): CodeIgniter\BaseModel->doProtectFields(Array)
#2 /Applications/MAMP/htdocs/zlatar_finance/system/Model.php(625): CodeIgniter\BaseModel->insert(Array, true)
#3 /Applications/MAMP/htdocs/zlatar_finance/app/Controllers/Auth.php(69): CodeIgniter\Model->insert(Array)
#4 /Applications/MAMP/htdocs/zlatar_finance/system/CodeIgniter.php(825): App\Controllers\Auth->save()
#5 /Applications/MAMP/htdocs/zlatar_finance/system/CodeIgniter.php(412): CodeIgniter\CodeIgniter->runController(Object(App\Controllers\Auth))
#6 /Applications/MAMP/htdocs/zlatar_finance/system/CodeIgniter.php(320): CodeIgniter\CodeIgniter->handleRequest(NULL, Object(Config\Cache), false)
#7 /Applications/MAMP/htdocs/zlatar_finance/public/index.php(37): CodeIgniter\CodeIgniter->run()
#8 {main}
CRITICAL - 2022-02-03 10:54:22 --> Allowed fields must be specified for model: App\Models\UsersModel
#0 /Applications/MAMP/htdocs/zlatar_finance/system/BaseModel.php(1138): CodeIgniter\Database\Exceptions\DataException::forInvalidAllowedFields('App\\Models\\User...')
#1 /Applications/MAMP/htdocs/zlatar_finance/system/BaseModel.php(713): CodeIgniter\BaseModel->doProtectFields(Array)
#2 /Applications/MAMP/htdocs/zlatar_finance/system/Model.php(625): CodeIgniter\BaseModel->insert(Array, true)
#3 /Applications/MAMP/htdocs/zlatar_finance/app/Controllers/Auth.php(69): CodeIgniter\Model->insert(Array)
#4 /Applications/MAMP/htdocs/zlatar_finance/system/CodeIgniter.php(825): App\Controllers\Auth->save()
#5 /Applications/MAMP/htdocs/zlatar_finance/system/CodeIgniter.php(412): CodeIgniter\CodeIgniter->runController(Object(App\Controllers\Auth))
#6 /Applications/MAMP/htdocs/zlatar_finance/system/CodeIgniter.php(320): CodeIgniter\CodeIgniter->handleRequest(NULL, Object(Config\Cache), false)
#7 /Applications/MAMP/htdocs/zlatar_finance/public/index.php(37): CodeIgniter\CodeIgniter->run()
#8 {main}
ERROR - 2022-02-03 10:58:12 --> Column 'email' cannot be null
CRITICAL - 2022-02-03 10:58:12 --> Column 'email' cannot be null
#0 /Applications/MAMP/htdocs/zlatar_finance/system/Database/MySQLi/Connection.php(292): mysqli->query('INSERT INTO `us...', 0)
#1 /Applications/MAMP/htdocs/zlatar_finance/system/Database/BaseConnection.php(670): CodeIgniter\Database\MySQLi\Connection->execute('INSERT INTO `us...')
#2 /Applications/MAMP/htdocs/zlatar_finance/system/Database/BaseConnection.php(598): CodeIgniter\Database\BaseConnection->simpleQuery('INSERT INTO `us...')
#3 /Applications/MAMP/htdocs/zlatar_finance/system/Database/BaseBuilder.php(1771): CodeIgniter\Database\BaseConnection->query('INSERT INTO `us...', Array, false)
#4 /Applications/MAMP/htdocs/zlatar_finance/system/Model.php(239): CodeIgniter\Database\BaseBuilder->insert()
#5 /Applications/MAMP/htdocs/zlatar_finance/system/BaseModel.php(738): CodeIgniter\Model->doInsert(Array)
#6 /Applications/MAMP/htdocs/zlatar_finance/system/Model.php(625): CodeIgniter\BaseModel->insert(Array, true)
#7 /Applications/MAMP/htdocs/zlatar_finance/app/Controllers/Auth.php(69): CodeIgniter\Model->insert(Array)
#8 /Applications/MAMP/htdocs/zlatar_finance/system/CodeIgniter.php(825): App\Controllers\Auth->save()
#9 /Applications/MAMP/htdocs/zlatar_finance/system/CodeIgniter.php(412): CodeIgniter\CodeIgniter->runController(Object(App\Controllers\Auth))
#10 /Applications/MAMP/htdocs/zlatar_finance/system/CodeIgniter.php(320): CodeIgniter\CodeIgniter->handleRequest(NULL, Object(Config\Cache), false)
#11 /Applications/MAMP/htdocs/zlatar_finance/public/index.php(37): CodeIgniter\CodeIgniter->run()
#12 {main}
CRITICAL - 2022-02-03 11:40:49 --> syntax error, unexpected 'return' (T_RETURN)
#0 /Applications/MAMP/htdocs/zlatar_finance/system/Router/Router.php(175): CodeIgniter\Router\Router->autoRoute('dashboard')
#1 /Applications/MAMP/htdocs/zlatar_finance/system/CodeIgniter.php(719): CodeIgniter\Router\Router->handle('dashboard')
#2 /Applications/MAMP/htdocs/zlatar_finance/system/CodeIgniter.php(361): CodeIgniter\CodeIgniter->tryToRouteIt(Object(CodeIgniter\Router\RouteCollection))
#3 /Applications/MAMP/htdocs/zlatar_finance/system/CodeIgniter.php(320): CodeIgniter\CodeIgniter->handleRequest(NULL, Object(Config\Cache), false)
#4 /Applications/MAMP/htdocs/zlatar_finance/public/index.php(37): CodeIgniter\CodeIgniter->run()
#5 {main}
CRITICAL - 2022-02-03 11:41:04 --> Trying to get property 'name' of non-object
#0 /Applications/MAMP/htdocs/zlatar_finance/app/Views/dashboard/index.php(12): CodeIgniter\Debug\Exceptions->errorHandler(8, 'Trying to get p...', '/Applications/M...', 12, Array)
#1 /Applications/MAMP/htdocs/zlatar_finance/system/View/View.php(210): include('/Applications/M...')
#2 /Applications/MAMP/htdocs/zlatar_finance/system/View/View.php(213): CodeIgniter\View\View->CodeIgniter\View\{closure}()
#3 /Applications/MAMP/htdocs/zlatar_finance/system/Common.php(1089): CodeIgniter\View\View->render('dashboard/index', Array, true)
#4 /Applications/MAMP/htdocs/zlatar_finance/app/Controllers/Dashboard.php(18): view('dashboard/index', Array)
#5 /Applications/MAMP/htdocs/zlatar_finance/system/CodeIgniter.php(825): App\Controllers\Dashboard->index()
#6 /Applications/MAMP/htdocs/zlatar_finance/system/CodeIgniter.php(412): CodeIgniter\CodeIgniter->runController(Object(App\Controllers\Dashboard))
#7 /Applications/MAMP/htdocs/zlatar_finance/system/CodeIgniter.php(320): CodeIgniter\CodeIgniter->handleRequest(NULL, Object(Config\Cache), false)
#8 /Applications/MAMP/htdocs/zlatar_finance/public/index.php(37): CodeIgniter\CodeIgniter->run()
#9 {main}
