CRITICAL - 2022-03-27 06:02:21 --> Undefined variable: user_id
#0 /Applications/MAMP/htdocs/zlatar_finance/app/Views/dashboard/sub/receipt_table.php(33): CodeIgniter\Debug\Exceptions->errorHandler(8, 'Undefined varia...', '/Applications/M...', 33, Array)
#1 /Applications/MAMP/htdocs/zlatar_finance/system/View/View.php(210): include('/Applications/M...')
#2 /Applications/MAMP/htdocs/zlatar_finance/system/View/View.php(213): CodeIgniter\View\View->CodeIgniter\View\{closure}()
#3 /Applications/MAMP/htdocs/zlatar_finance/system/Common.php(1089): CodeIgniter\View\View->render('dashboard/sub/r...', Array, true)
#4 /Applications/MAMP/htdocs/zlatar_finance/app/Views/dashboard/sub/account_title.php(9): view('dashboard/sub/r...', Array)
#5 /Applications/MAMP/htdocs/zlatar_finance/system/View/View.php(210): include('/Applications/M...')
#6 /Applications/MAMP/htdocs/zlatar_finance/system/View/View.php(213): CodeIgniter\View\View->CodeIgniter\View\{closure}()
#7 /Applications/MAMP/htdocs/zlatar_finance/system/Common.php(1089): CodeIgniter\View\View->render('dashboard/sub/a...', Array, true)
#8 /Applications/MAMP/htdocs/zlatar_finance/app/Views/dashboard/finance_report.php(63): view('dashboard/sub/a...', Array)
#9 /Applications/MAMP/htdocs/zlatar_finance/system/View/View.php(210): include('/Applications/M...')
#10 /Applications/MAMP/htdocs/zlatar_finance/system/View/View.php(213): CodeIgniter\View\View->CodeIgniter\View\{closure}()
#11 /Applications/MAMP/htdocs/zlatar_finance/system/Common.php(1089): CodeIgniter\View\View->render('dashboard/finan...', Array, true)
#12 /Applications/MAMP/htdocs/zlatar_finance/app/Controllers/Dashboard.php(182): view('dashboard/finan...', Array)
#13 /Applications/MAMP/htdocs/zlatar_finance/system/CodeIgniter.php(825): App\Controllers\Dashboard->save_item()
#14 /Applications/MAMP/htdocs/zlatar_finance/system/CodeIgniter.php(412): CodeIgniter\CodeIgniter->runController(Object(App\Controllers\Dashboard))
#15 /Applications/MAMP/htdocs/zlatar_finance/system/CodeIgniter.php(320): CodeIgniter\CodeIgniter->handleRequest(NULL, Object(Config\Cache), false)
#16 /Applications/MAMP/htdocs/zlatar_finance/public/index.php(37): CodeIgniter\CodeIgniter->run()
#17 {main}
CRITICAL - 2022-03-27 06:06:08 --> Undefined variable: user_id
#0 /Applications/MAMP/htdocs/zlatar_finance/app/Views/dashboard/sub/receipt_table.php(33): CodeIgniter\Debug\Exceptions->errorHandler(8, 'Undefined varia...', '/Applications/M...', 33, Array)
#1 /Applications/MAMP/htdocs/zlatar_finance/system/View/View.php(210): include('/Applications/M...')
#2 /Applications/MAMP/htdocs/zlatar_finance/system/View/View.php(213): CodeIgniter\View\View->CodeIgniter\View\{closure}()
#3 /Applications/MAMP/htdocs/zlatar_finance/system/Common.php(1089): CodeIgniter\View\View->render('dashboard/sub/r...', Array, true)
#4 /Applications/MAMP/htdocs/zlatar_finance/app/Views/dashboard/sub/account_title.php(9): view('dashboard/sub/r...', Array)
#5 /Applications/MAMP/htdocs/zlatar_finance/system/View/View.php(210): include('/Applications/M...')
#6 /Applications/MAMP/htdocs/zlatar_finance/system/View/View.php(213): CodeIgniter\View\View->CodeIgniter\View\{closure}()
#7 /Applications/MAMP/htdocs/zlatar_finance/system/Common.php(1089): CodeIgniter\View\View->render('dashboard/sub/a...', Array, true)
#8 /Applications/MAMP/htdocs/zlatar_finance/app/Views/dashboard/finance_report.php(63): view('dashboard/sub/a...', Array)
#9 /Applications/MAMP/htdocs/zlatar_finance/system/View/View.php(210): include('/Applications/M...')
#10 /Applications/MAMP/htdocs/zlatar_finance/system/View/View.php(213): CodeIgniter\View\View->CodeIgniter\View\{closure}()
#11 /Applications/MAMP/htdocs/zlatar_finance/system/Common.php(1089): CodeIgniter\View\View->render('dashboard/finan...', Array, true)
#12 /Applications/MAMP/htdocs/zlatar_finance/app/Controllers/Dashboard.php(182): view('dashboard/finan...', Array)
#13 /Applications/MAMP/htdocs/zlatar_finance/system/CodeIgniter.php(825): App\Controllers\Dashboard->save_item()
#14 /Applications/MAMP/htdocs/zlatar_finance/system/CodeIgniter.php(412): CodeIgniter\CodeIgniter->runController(Object(App\Controllers\Dashboard))
#15 /Applications/MAMP/htdocs/zlatar_finance/system/CodeIgniter.php(320): CodeIgniter\CodeIgniter->handleRequest(NULL, Object(Config\Cache), false)
#16 /Applications/MAMP/htdocs/zlatar_finance/public/index.php(37): CodeIgniter\CodeIgniter->run()
#17 {main}
CRITICAL - 2022-03-27 06:08:27 --> Undefined variable: user_id
#0 /Applications/MAMP/htdocs/zlatar_finance/app/Views/dashboard/sub/receipt_table.php(33): CodeIgniter\Debug\Exceptions->errorHandler(8, 'Undefined varia...', '/Applications/M...', 33, Array)
#1 /Applications/MAMP/htdocs/zlatar_finance/system/View/View.php(210): include('/Applications/M...')
#2 /Applications/MAMP/htdocs/zlatar_finance/system/View/View.php(213): CodeIgniter\View\View->CodeIgniter\View\{closure}()
#3 /Applications/MAMP/htdocs/zlatar_finance/system/Common.php(1089): CodeIgniter\View\View->render('dashboard/sub/r...', Array, true)
#4 /Applications/MAMP/htdocs/zlatar_finance/app/Views/dashboard/sub/account_title.php(9): view('dashboard/sub/r...', Array)
#5 /Applications/MAMP/htdocs/zlatar_finance/system/View/View.php(210): include('/Applications/M...')
#6 /Applications/MAMP/htdocs/zlatar_finance/system/View/View.php(213): CodeIgniter\View\View->CodeIgniter\View\{closure}()
#7 /Applications/MAMP/htdocs/zlatar_finance/system/Common.php(1089): CodeIgniter\View\View->render('dashboard/sub/a...', Array, true)
#8 /Applications/MAMP/htdocs/zlatar_finance/app/Views/dashboard/finance_report.php(63): view('dashboard/sub/a...', Array)
#9 /Applications/MAMP/htdocs/zlatar_finance/system/View/View.php(210): include('/Applications/M...')
#10 /Applications/MAMP/htdocs/zlatar_finance/system/View/View.php(213): CodeIgniter\View\View->CodeIgniter\View\{closure}()
#11 /Applications/MAMP/htdocs/zlatar_finance/system/Common.php(1089): CodeIgniter\View\View->render('dashboard/finan...', Array, true)
#12 /Applications/MAMP/htdocs/zlatar_finance/app/Controllers/Dashboard.php(182): view('dashboard/finan...', Array)
#13 /Applications/MAMP/htdocs/zlatar_finance/system/CodeIgniter.php(825): App\Controllers\Dashboard->save_item()
#14 /Applications/MAMP/htdocs/zlatar_finance/system/CodeIgniter.php(412): CodeIgniter\CodeIgniter->runController(Object(App\Controllers\Dashboard))
#15 /Applications/MAMP/htdocs/zlatar_finance/system/CodeIgniter.php(320): CodeIgniter\CodeIgniter->handleRequest(NULL, Object(Config\Cache), false)
#16 /Applications/MAMP/htdocs/zlatar_finance/public/index.php(37): CodeIgniter\CodeIgniter->run()
#17 {main}
CRITICAL - 2022-03-27 06:08:49 --> Undefined variable: user_id
#0 /Applications/MAMP/htdocs/zlatar_finance/app/Views/dashboard/sub/receipt_table.php(33): CodeIgniter\Debug\Exceptions->errorHandler(8, 'Undefined varia...', '/Applications/M...', 33, Array)
#1 /Applications/MAMP/htdocs/zlatar_finance/system/View/View.php(210): include('/Applications/M...')
#2 /Applications/MAMP/htdocs/zlatar_finance/system/View/View.php(213): CodeIgniter\View\View->CodeIgniter\View\{closure}()
#3 /Applications/MAMP/htdocs/zlatar_finance/system/Common.php(1089): CodeIgniter\View\View->render('dashboard/sub/r...', Array, true)
#4 /Applications/MAMP/htdocs/zlatar_finance/app/Views/dashboard/sub/account_title.php(9): view('dashboard/sub/r...', Array)
#5 /Applications/MAMP/htdocs/zlatar_finance/system/View/View.php(210): include('/Applications/M...')
#6 /Applications/MAMP/htdocs/zlatar_finance/system/View/View.php(213): CodeIgniter\View\View->CodeIgniter\View\{closure}()
#7 /Applications/MAMP/htdocs/zlatar_finance/system/Common.php(1089): CodeIgniter\View\View->render('dashboard/sub/a...', Array, true)
#8 /Applications/MAMP/htdocs/zlatar_finance/app/Views/dashboard/finance_report.php(63): view('dashboard/sub/a...', Array)
#9 /Applications/MAMP/htdocs/zlatar_finance/system/View/View.php(210): include('/Applications/M...')
#10 /Applications/MAMP/htdocs/zlatar_finance/system/View/View.php(213): CodeIgniter\View\View->CodeIgniter\View\{closure}()
#11 /Applications/MAMP/htdocs/zlatar_finance/system/Common.php(1089): CodeIgniter\View\View->render('dashboard/finan...', Array, true)
#12 /Applications/MAMP/htdocs/zlatar_finance/app/Controllers/Dashboard.php(182): view('dashboard/finan...', Array)
#13 /Applications/MAMP/htdocs/zlatar_finance/system/CodeIgniter.php(825): App\Controllers\Dashboard->save_item()
#14 /Applications/MAMP/htdocs/zlatar_finance/system/CodeIgniter.php(412): CodeIgniter\CodeIgniter->runController(Object(App\Controllers\Dashboard))
#15 /Applications/MAMP/htdocs/zlatar_finance/system/CodeIgniter.php(320): CodeIgniter\CodeIgniter->handleRequest(NULL, Object(Config\Cache), false)
#16 /Applications/MAMP/htdocs/zlatar_finance/public/index.php(37): CodeIgniter\CodeIgniter->run()
#17 {main}
CRITICAL - 2022-03-27 06:11:17 --> Undefined variable: user_id
#0 /Applications/MAMP/htdocs/zlatar_finance/app/Views/dashboard/sub/receipt_table.php(33): CodeIgniter\Debug\Exceptions->errorHandler(8, 'Undefined varia...', '/Applications/M...', 33, Array)
#1 /Applications/MAMP/htdocs/zlatar_finance/system/View/View.php(210): include('/Applications/M...')
#2 /Applications/MAMP/htdocs/zlatar_finance/system/View/View.php(213): CodeIgniter\View\View->CodeIgniter\View\{closure}()
#3 /Applications/MAMP/htdocs/zlatar_finance/system/Common.php(1089): CodeIgniter\View\View->render('dashboard/sub/r...', Array, true)
#4 /Applications/MAMP/htdocs/zlatar_finance/app/Views/dashboard/sub/account_title.php(9): view('dashboard/sub/r...', Array)
#5 /Applications/MAMP/htdocs/zlatar_finance/system/View/View.php(210): include('/Applications/M...')
#6 /Applications/MAMP/htdocs/zlatar_finance/system/View/View.php(213): CodeIgniter\View\View->CodeIgniter\View\{closure}()
#7 /Applications/MAMP/htdocs/zlatar_finance/system/Common.php(1089): CodeIgniter\View\View->render('dashboard/sub/a...', Array, true)
#8 /Applications/MAMP/htdocs/zlatar_finance/app/Views/dashboard/finance_report.php(63): view('dashboard/sub/a...', Array)
#9 /Applications/MAMP/htdocs/zlatar_finance/system/View/View.php(210): include('/Applications/M...')
#10 /Applications/MAMP/htdocs/zlatar_finance/system/View/View.php(213): CodeIgniter\View\View->CodeIgniter\View\{closure}()
#11 /Applications/MAMP/htdocs/zlatar_finance/system/Common.php(1089): CodeIgniter\View\View->render('dashboard/finan...', Array, true)
#12 /Applications/MAMP/htdocs/zlatar_finance/app/Controllers/Dashboard.php(182): view('dashboard/finan...', Array)
#13 /Applications/MAMP/htdocs/zlatar_finance/system/CodeIgniter.php(825): App\Controllers\Dashboard->save_item()
#14 /Applications/MAMP/htdocs/zlatar_finance/system/CodeIgniter.php(412): CodeIgniter\CodeIgniter->runController(Object(App\Controllers\Dashboard))
#15 /Applications/MAMP/htdocs/zlatar_finance/system/CodeIgniter.php(320): CodeIgniter\CodeIgniter->handleRequest(NULL, Object(Config\Cache), false)
#16 /Applications/MAMP/htdocs/zlatar_finance/public/index.php(37): CodeIgniter\CodeIgniter->run()
#17 {main}
CRITICAL - 2022-03-27 06:13:30 --> Undefined variable: user_id
#0 /Applications/MAMP/htdocs/zlatar_finance/app/Views/dashboard/sub/receipt_table.php(33): CodeIgniter\Debug\Exceptions->errorHandler(8, 'Undefined varia...', '/Applications/M...', 33, Array)
#1 /Applications/MAMP/htdocs/zlatar_finance/system/View/View.php(210): include('/Applications/M...')
#2 /Applications/MAMP/htdocs/zlatar_finance/system/View/View.php(213): CodeIgniter\View\View->CodeIgniter\View\{closure}()
#3 /Applications/MAMP/htdocs/zlatar_finance/system/Common.php(1089): CodeIgniter\View\View->render('dashboard/sub/r...', Array, true)
#4 /Applications/MAMP/htdocs/zlatar_finance/app/Views/dashboard/sub/account_title.php(9): view('dashboard/sub/r...', Array)
#5 /Applications/MAMP/htdocs/zlatar_finance/system/View/View.php(210): include('/Applications/M...')
#6 /Applications/MAMP/htdocs/zlatar_finance/system/View/View.php(213): CodeIgniter\View\View->CodeIgniter\View\{closure}()
#7 /Applications/MAMP/htdocs/zlatar_finance/system/Common.php(1089): CodeIgniter\View\View->render('dashboard/sub/a...', Array, true)
#8 /Applications/MAMP/htdocs/zlatar_finance/app/Views/dashboard/finance_report.php(72): view('dashboard/sub/a...', Array)
#9 /Applications/MAMP/htdocs/zlatar_finance/system/View/View.php(210): include('/Applications/M...')
#10 /Applications/MAMP/htdocs/zlatar_finance/system/View/View.php(213): CodeIgniter\View\View->CodeIgniter\View\{closure}()
#11 /Applications/MAMP/htdocs/zlatar_finance/system/Common.php(1089): CodeIgniter\View\View->render('dashboard/finan...', Array, true)
#12 /Applications/MAMP/htdocs/zlatar_finance/app/Controllers/Dashboard.php(182): view('dashboard/finan...', Array)
#13 /Applications/MAMP/htdocs/zlatar_finance/system/CodeIgniter.php(825): App\Controllers\Dashboard->save_item()
#14 /Applications/MAMP/htdocs/zlatar_finance/system/CodeIgniter.php(412): CodeIgniter\CodeIgniter->runController(Object(App\Controllers\Dashboard))
#15 /Applications/MAMP/htdocs/zlatar_finance/system/CodeIgniter.php(320): CodeIgniter\CodeIgniter->handleRequest(NULL, Object(Config\Cache), false)
#16 /Applications/MAMP/htdocs/zlatar_finance/public/index.php(37): CodeIgniter\CodeIgniter->run()
#17 {main}
CRITICAL - 2022-03-27 06:16:16 --> Undefined variable: user_id
#0 /Applications/MAMP/htdocs/zlatar_finance/app/Views/dashboard/sub/receipt_table.php(33): CodeIgniter\Debug\Exceptions->errorHandler(8, 'Undefined varia...', '/Applications/M...', 33, Array)
#1 /Applications/MAMP/htdocs/zlatar_finance/system/View/View.php(210): include('/Applications/M...')
#2 /Applications/MAMP/htdocs/zlatar_finance/system/View/View.php(213): CodeIgniter\View\View->CodeIgniter\View\{closure}()
#3 /Applications/MAMP/htdocs/zlatar_finance/system/Common.php(1089): CodeIgniter\View\View->render('dashboard/sub/r...', Array, true)
#4 /Applications/MAMP/htdocs/zlatar_finance/app/Views/dashboard/sub/account_title.php(9): view('dashboard/sub/r...', Array)
#5 /Applications/MAMP/htdocs/zlatar_finance/system/View/View.php(210): include('/Applications/M...')
#6 /Applications/MAMP/htdocs/zlatar_finance/system/View/View.php(213): CodeIgniter\View\View->CodeIgniter\View\{closure}()
#7 /Applications/MAMP/htdocs/zlatar_finance/system/Common.php(1089): CodeIgniter\View\View->render('dashboard/sub/a...', Array, true)
#8 /Applications/MAMP/htdocs/zlatar_finance/app/Views/dashboard/finance_report.php(72): view('dashboard/sub/a...', Array)
#9 /Applications/MAMP/htdocs/zlatar_finance/system/View/View.php(210): include('/Applications/M...')
#10 /Applications/MAMP/htdocs/zlatar_finance/system/View/View.php(213): CodeIgniter\View\View->CodeIgniter\View\{closure}()
#11 /Applications/MAMP/htdocs/zlatar_finance/system/Common.php(1089): CodeIgniter\View\View->render('dashboard/finan...', Array, true)
#12 /Applications/MAMP/htdocs/zlatar_finance/app/Controllers/Dashboard.php(182): view('dashboard/finan...', Array)
#13 /Applications/MAMP/htdocs/zlatar_finance/system/CodeIgniter.php(825): App\Controllers\Dashboard->save_item()
#14 /Applications/MAMP/htdocs/zlatar_finance/system/CodeIgniter.php(412): CodeIgniter\CodeIgniter->runController(Object(App\Controllers\Dashboard))
#15 /Applications/MAMP/htdocs/zlatar_finance/system/CodeIgniter.php(320): CodeIgniter\CodeIgniter->handleRequest(NULL, Object(Config\Cache), false)
#16 /Applications/MAMP/htdocs/zlatar_finance/public/index.php(37): CodeIgniter\CodeIgniter->run()
#17 {main}
CRITICAL - 2022-03-27 06:19:53 --> Undefined variable: user
#0 /Applications/MAMP/htdocs/zlatar_finance/app/Views/dashboard/finance_report.php(13): CodeIgniter\Debug\Exceptions->errorHandler(8, 'Undefined varia...', '/Applications/M...', 13, Array)
#1 /Applications/MAMP/htdocs/zlatar_finance/system/View/View.php(210): include('/Applications/M...')
#2 /Applications/MAMP/htdocs/zlatar_finance/system/View/View.php(213): CodeIgniter\View\View->CodeIgniter\View\{closure}()
#3 /Applications/MAMP/htdocs/zlatar_finance/system/Common.php(1089): CodeIgniter\View\View->render('dashboard/finan...', Array, true)
#4 /Applications/MAMP/htdocs/zlatar_finance/app/Controllers/Dashboard.php(182): view('dashboard/finan...', Array)
#5 /Applications/MAMP/htdocs/zlatar_finance/system/CodeIgniter.php(825): App\Controllers\Dashboard->save_item()
#6 /Applications/MAMP/htdocs/zlatar_finance/system/CodeIgniter.php(412): CodeIgniter\CodeIgniter->runController(Object(App\Controllers\Dashboard))
#7 /Applications/MAMP/htdocs/zlatar_finance/system/CodeIgniter.php(320): CodeIgniter\CodeIgniter->handleRequest(NULL, Object(Config\Cache), false)
#8 /Applications/MAMP/htdocs/zlatar_finance/public/index.php(37): CodeIgniter\CodeIgniter->run()
#9 {main}
CRITICAL - 2022-03-27 06:23:57 --> Undefined index: company_id
#0 /Applications/MAMP/htdocs/zlatar_finance/app/Controllers/Dashboard.php(352): CodeIgniter\Debug\Exceptions->errorHandler(8, 'Undefined index...', '/Applications/M...', 352, Array)
#1 /Applications/MAMP/htdocs/zlatar_finance/system/CodeIgniter.php(825): App\Controllers\Dashboard->edit_item()
#2 /Applications/MAMP/htdocs/zlatar_finance/system/CodeIgniter.php(412): CodeIgniter\CodeIgniter->runController(Object(App\Controllers\Dashboard))
#3 /Applications/MAMP/htdocs/zlatar_finance/system/CodeIgniter.php(320): CodeIgniter\CodeIgniter->handleRequest(NULL, Object(Config\Cache), false)
#4 /Applications/MAMP/htdocs/zlatar_finance/public/index.php(37): CodeIgniter\CodeIgniter->run()
#5 {main}
CRITICAL - 2022-03-27 06:28:34 --> Undefined index: company_id
#0 /Applications/MAMP/htdocs/zlatar_finance/app/Controllers/Dashboard.php(352): CodeIgniter\Debug\Exceptions->errorHandler(8, 'Undefined index...', '/Applications/M...', 352, Array)
#1 /Applications/MAMP/htdocs/zlatar_finance/system/CodeIgniter.php(825): App\Controllers\Dashboard->edit_item()
#2 /Applications/MAMP/htdocs/zlatar_finance/system/CodeIgniter.php(412): CodeIgniter\CodeIgniter->runController(Object(App\Controllers\Dashboard))
#3 /Applications/MAMP/htdocs/zlatar_finance/system/CodeIgniter.php(320): CodeIgniter\CodeIgniter->handleRequest(NULL, Object(Config\Cache), false)
#4 /Applications/MAMP/htdocs/zlatar_finance/public/index.php(37): CodeIgniter\CodeIgniter->run()
#5 {main}
CRITICAL - 2022-03-27 06:28:41 --> Undefined index: company_id
#0 /Applications/MAMP/htdocs/zlatar_finance/app/Controllers/Dashboard.php(352): CodeIgniter\Debug\Exceptions->errorHandler(8, 'Undefined index...', '/Applications/M...', 352, Array)
#1 /Applications/MAMP/htdocs/zlatar_finance/system/CodeIgniter.php(825): App\Controllers\Dashboard->edit_item()
#2 /Applications/MAMP/htdocs/zlatar_finance/system/CodeIgniter.php(412): CodeIgniter\CodeIgniter->runController(Object(App\Controllers\Dashboard))
#3 /Applications/MAMP/htdocs/zlatar_finance/system/CodeIgniter.php(320): CodeIgniter\CodeIgniter->handleRequest(NULL, Object(Config\Cache), false)
#4 /Applications/MAMP/htdocs/zlatar_finance/public/index.php(37): CodeIgniter\CodeIgniter->run()
#5 {main}
CRITICAL - 2022-03-27 06:30:32 --> Undefined index: company_id
#0 /Applications/MAMP/htdocs/zlatar_finance/app/Controllers/Dashboard.php(352): CodeIgniter\Debug\Exceptions->errorHandler(8, 'Undefined index...', '/Applications/M...', 352, Array)
#1 /Applications/MAMP/htdocs/zlatar_finance/system/CodeIgniter.php(825): App\Controllers\Dashboard->edit_item()
#2 /Applications/MAMP/htdocs/zlatar_finance/system/CodeIgniter.php(412): CodeIgniter\CodeIgniter->runController(Object(App\Controllers\Dashboard))
#3 /Applications/MAMP/htdocs/zlatar_finance/system/CodeIgniter.php(320): CodeIgniter\CodeIgniter->handleRequest(NULL, Object(Config\Cache), false)
#4 /Applications/MAMP/htdocs/zlatar_finance/public/index.php(37): CodeIgniter\CodeIgniter->run()
#5 {main}
CRITICAL - 2022-03-27 07:08:31 --> Undefined index: old_value
#0 /Applications/MAMP/htdocs/zlatar_finance/app/Controllers/Dashboard.php(363): CodeIgniter\Debug\Exceptions->errorHandler(8, 'Undefined index...', '/Applications/M...', 363, Array)
#1 /Applications/MAMP/htdocs/zlatar_finance/system/CodeIgniter.php(825): App\Controllers\Dashboard->edit_item()
#2 /Applications/MAMP/htdocs/zlatar_finance/system/CodeIgniter.php(412): CodeIgniter\CodeIgniter->runController(Object(App\Controllers\Dashboard))
#3 /Applications/MAMP/htdocs/zlatar_finance/system/CodeIgniter.php(320): CodeIgniter\CodeIgniter->handleRequest(NULL, Object(Config\Cache), false)
#4 /Applications/MAMP/htdocs/zlatar_finance/public/index.php(37): CodeIgniter\CodeIgniter->run()
#5 {main}
CRITICAL - 2022-03-27 07:09:57 --> Undefined index: old_value
#0 /Applications/MAMP/htdocs/zlatar_finance/app/Controllers/Dashboard.php(363): CodeIgniter\Debug\Exceptions->errorHandler(8, 'Undefined index...', '/Applications/M...', 363, Array)
#1 /Applications/MAMP/htdocs/zlatar_finance/system/CodeIgniter.php(825): App\Controllers\Dashboard->edit_item()
#2 /Applications/MAMP/htdocs/zlatar_finance/system/CodeIgniter.php(412): CodeIgniter\CodeIgniter->runController(Object(App\Controllers\Dashboard))
#3 /Applications/MAMP/htdocs/zlatar_finance/system/CodeIgniter.php(320): CodeIgniter\CodeIgniter->handleRequest(NULL, Object(Config\Cache), false)
#4 /Applications/MAMP/htdocs/zlatar_finance/public/index.php(37): CodeIgniter\CodeIgniter->run()
#5 {main}
CRITICAL - 2022-03-27 07:12:53 --> Undefined index: old_value
#0 /Applications/MAMP/htdocs/zlatar_finance/app/Controllers/Dashboard.php(363): CodeIgniter\Debug\Exceptions->errorHandler(8, 'Undefined index...', '/Applications/M...', 363, Array)
#1 /Applications/MAMP/htdocs/zlatar_finance/system/CodeIgniter.php(825): App\Controllers\Dashboard->edit_item()
#2 /Applications/MAMP/htdocs/zlatar_finance/system/CodeIgniter.php(412): CodeIgniter\CodeIgniter->runController(Object(App\Controllers\Dashboard))
#3 /Applications/MAMP/htdocs/zlatar_finance/system/CodeIgniter.php(320): CodeIgniter\CodeIgniter->handleRequest(NULL, Object(Config\Cache), false)
#4 /Applications/MAMP/htdocs/zlatar_finance/public/index.php(37): CodeIgniter\CodeIgniter->run()
#5 {main}
CRITICAL - 2022-03-27 07:14:27 --> Undefined index: old_value
#0 /Applications/MAMP/htdocs/zlatar_finance/app/Controllers/Dashboard.php(363): CodeIgniter\Debug\Exceptions->errorHandler(8, 'Undefined index...', '/Applications/M...', 363, Array)
#1 /Applications/MAMP/htdocs/zlatar_finance/system/CodeIgniter.php(825): App\Controllers\Dashboard->edit_item()
#2 /Applications/MAMP/htdocs/zlatar_finance/system/CodeIgniter.php(412): CodeIgniter\CodeIgniter->runController(Object(App\Controllers\Dashboard))
#3 /Applications/MAMP/htdocs/zlatar_finance/system/CodeIgniter.php(320): CodeIgniter\CodeIgniter->handleRequest(NULL, Object(Config\Cache), false)
#4 /Applications/MAMP/htdocs/zlatar_finance/public/index.php(37): CodeIgniter\CodeIgniter->run()
#5 {main}
CRITICAL - 2022-03-27 07:21:59 --> Undefined variable: item_name
#0 /Applications/MAMP/htdocs/zlatar_finance/app/Views/partials/_footer.php(165): CodeIgniter\Debug\Exceptions->errorHandler(8, 'Undefined varia...', '/Applications/M...', 165, Array)
#1 /Applications/MAMP/htdocs/zlatar_finance/system/View/View.php(210): include('/Applications/M...')
#2 /Applications/MAMP/htdocs/zlatar_finance/system/View/View.php(213): CodeIgniter\View\View->CodeIgniter\View\{closure}()
#3 /Applications/MAMP/htdocs/zlatar_finance/system/Common.php(1089): CodeIgniter\View\View->render('partials/_foote...', Array, true)
#4 /Applications/MAMP/htdocs/zlatar_finance/app/Controllers/Dashboard.php(36): view('partials/_foote...', Array)
#5 /Applications/MAMP/htdocs/zlatar_finance/system/CodeIgniter.php(825): App\Controllers\Dashboard->index()
#6 /Applications/MAMP/htdocs/zlatar_finance/system/CodeIgniter.php(412): CodeIgniter\CodeIgniter->runController(Object(App\Controllers\Dashboard))
#7 /Applications/MAMP/htdocs/zlatar_finance/system/CodeIgniter.php(320): CodeIgniter\CodeIgniter->handleRequest(NULL, Object(Config\Cache), false)
#8 /Applications/MAMP/htdocs/zlatar_finance/public/index.php(37): CodeIgniter\CodeIgniter->run()
#9 {main}
